{
  "stats": {
    "suites": 1,
    "tests": 5,
    "passes": 5,
    "pending": 0,
    "failures": 0,
    "start": "2020-12-16T22:43:43.835Z",
    "end": "2020-12-16T22:44:02.524Z",
    "duration": 18689,
    "testsRegistered": 5,
    "passPercent": 100,
    "pendingPercent": 0,
    "other": 0,
    "hasOther": false,
    "skipped": 0,
    "hasSkipped": false
  },
  "results": [
    {
      "uuid": "d0e2b927-694b-4313-b36b-095668e3a61f",
      "title": "",
      "fullFile": "cypress/integration/NineMonthsApply/NineMonths_Apply_NoCoupon_NoPayment_4.js",
      "file": "cypress/integration/NineMonthsApply/NineMonths_Apply_NoCoupon_NoPayment_4.js",
      "beforeHooks": [],
      "afterHooks": [],
      "tests": [],
      "suites": [
        {
          "uuid": "e850b260-a05d-4f3c-9f05-53a6199fc7cb",
          "title": "NineMonths_Apply_NoCoupon_NoPayment_4",
          "fullFile": "",
          "file": "",
          "beforeHooks": [],
          "afterHooks": [],
          "tests": [
            {
              "title": "Purchase Summary",
              "fullTitle": "NineMonths_Apply_NoCoupon_NoPayment_4 Purchase Summary",
              "timedOut": null,
              "duration": 1968,
              "state": "passed",
              "speed": "slow",
              "pass": true,
              "fail": false,
              "pending": false,
              "context": null,
              "code": "cy.VisitPage(this.env.hostMex + this.env.url2);\ncy.ContainsText(this.data.textWhatPayment);\ncy.ValidateExistCoupon(false);\ncy.ButtonClick(this.data.buttonContinue);",
              "err": {},
              "uuid": "44c73303-5572-4330-8e99-fde64e33947b",
              "parentUUID": "e850b260-a05d-4f3c-9f05-53a6199fc7cb",
              "isHook": false,
              "skipped": false
            },
            {
              "title": "Shipping Address",
              "fullTitle": "NineMonths_Apply_NoCoupon_NoPayment_4 Shipping Address",
              "timedOut": null,
              "duration": 3652,
              "state": "passed",
              "speed": "slow",
              "pass": true,
              "fail": false,
              "pending": false,
              "context": null,
              "code": "cy.ContainsText(this.data.textWhereSend);\ncy.ClearShippingA();\ncy.ShippingAddress(this.data.street, this.data.interiorNumber, this.data.zipCode, this.data.colony, this.data.state, this.data.city, this.data.reference);\ncy.ButtonClick(this.data.buttonContinue);",
              "err": {},
              "uuid": "c1597ab8-ead8-44f2-9415-bc3715909e96",
              "parentUUID": "e850b260-a05d-4f3c-9f05-53a6199fc7cb",
              "isHook": false,
              "skipped": false
            },
            {
              "title": "Payment Method",
              "fullTitle": "NineMonths_Apply_NoCoupon_NoPayment_4 Payment Method",
              "timedOut": null,
              "duration": 1248,
              "state": "passed",
              "speed": "slow",
              "pass": true,
              "fail": false,
              "pending": false,
              "context": null,
              "code": "cy.ContainsText(this.data.textPaymentMeth);\ncy.PaymentMethod(this.data.cardName, this.data.cardIDMexicoMeses, this.data.month, this.data.year, this.data.cvc);",
              "err": {},
              "uuid": "54928165-76e8-4006-bdf8-3e9318cca6db",
              "parentUUID": "e850b260-a05d-4f3c-9f05-53a6199fc7cb",
              "isHook": false,
              "skipped": false
            },
            {
              "title": "TestToBackend",
              "fullTitle": "NineMonths_Apply_NoCoupon_NoPayment_4 TestToBackend",
              "timedOut": null,
              "duration": 10306,
              "state": "passed",
              "speed": "slow",
              "pass": true,
              "fail": false,
              "pending": false,
              "context": null,
              "code": "cy.ConvertNumber(this.data.NineMonths);\ncy.ButtonClick(this.data.buttonPayment);\ncy.wait(10000);",
              "err": {},
              "uuid": "e6cbc55a-66aa-47c1-b366-5700b0e25eb5",
              "parentUUID": "e850b260-a05d-4f3c-9f05-53a6199fc7cb",
              "isHook": false,
              "skipped": false
            },
            {
              "title": "ValidateSuccessfulPayment",
              "fullTitle": "NineMonths_Apply_NoCoupon_NoPayment_4 ValidateSuccessfulPayment",
              "timedOut": null,
              "duration": 62,
              "state": "passed",
              "speed": "medium",
              "pass": true,
              "fail": false,
              "pending": false,
              "context": null,
              "code": "cy.ValidateCodeConfirmation(this.data.textSuccefulPayment);",
              "err": {},
              "uuid": "a92a2d4e-618c-44dc-a06b-8a7e67c7d388",
              "parentUUID": "e850b260-a05d-4f3c-9f05-53a6199fc7cb",
              "isHook": false,
              "skipped": false
            }
          ],
          "suites": [],
          "passes": [
            "44c73303-5572-4330-8e99-fde64e33947b",
            "c1597ab8-ead8-44f2-9415-bc3715909e96",
            "54928165-76e8-4006-bdf8-3e9318cca6db",
            "e6cbc55a-66aa-47c1-b366-5700b0e25eb5",
            "a92a2d4e-618c-44dc-a06b-8a7e67c7d388"
          ],
          "failures": [],
          "pending": [],
          "skipped": [],
          "duration": 17236,
          "root": false,
          "rootEmpty": false,
          "_timeout": 2000
        }
      ],
      "passes": [],
      "failures": [],
      "pending": [],
      "skipped": [],
      "duration": 0,
      "root": true,
      "rootEmpty": true,
      "_timeout": 2000
    }
  ],
  "meta": {
    "mocha": {
      "version": "7.0.1"
    },
    "mochawesome": {
      "options": {
        "quiet": false,
        "reportFilename": "mochawesome",
        "saveHtml": false,
        "saveJson": true,
        "consoleReporter": "spec",
        "useInlineDiffs": false,
        "code": true
      },
      "version": "6.1.1"
    },
    "marge": {
      "options": {
        "id": "default",
        "reportDir": "cypress/reports/mocha",
        "quite": true,
        "overwrite": false,
        "html": false,
        "json": true
      },
      "version": "5.1.0"
    }
  }
}