{
  "stats": {
    "suites": 1,
    "tests": 5,
    "passes": 4,
    "pending": 0,
    "failures": 1,
    "start": "2020-12-16T23:05:40.991Z",
    "end": "2020-12-16T23:06:12.679Z",
    "duration": 31688,
    "testsRegistered": 5,
    "passPercent": 80,
    "pendingPercent": 0,
    "other": 0,
    "hasOther": false,
    "skipped": 0,
    "hasSkipped": false
  },
  "results": [
    {
      "uuid": "45934f28-88cc-4f13-a5a9-a2cb30f4dbb1",
      "title": "",
      "fullFile": "cypress/integration/TwelveMonthsApply/TwelveMonths_Apply_NoCoupon_Partial_4.js",
      "file": "cypress/integration/TwelveMonthsApply/TwelveMonths_Apply_NoCoupon_Partial_4.js",
      "beforeHooks": [],
      "afterHooks": [],
      "tests": [],
      "suites": [
        {
          "uuid": "e0d1e7a7-fb1d-4a31-a9fe-282339365a2a",
          "title": "TwelveMonths_Apply_NoCoupon_Partial_4",
          "fullFile": "",
          "file": "",
          "beforeHooks": [],
          "afterHooks": [],
          "tests": [
            {
              "title": "Purchase Summary",
              "fullTitle": "TwelveMonths_Apply_NoCoupon_Partial_4 Purchase Summary",
              "timedOut": null,
              "duration": 10060,
              "state": "passed",
              "speed": "slow",
              "pass": true,
              "fail": false,
              "pending": false,
              "context": null,
              "code": "cy.VisitPage(this.env.hostMex + this.env.testAdvancePartial);\ncy.ContainsText(this.data.textWhatPayment);\ncy.ValidateExistCoupon(false);\ncy.ButtonClick(this.data.buttonContinue);",
              "err": {},
              "uuid": "dd2f7b7f-d2c7-4d37-a7d7-f521ba19207e",
              "parentUUID": "e0d1e7a7-fb1d-4a31-a9fe-282339365a2a",
              "isHook": false,
              "skipped": false
            },
            {
              "title": "Shipping Address",
              "fullTitle": "TwelveMonths_Apply_NoCoupon_Partial_4 Shipping Address",
              "timedOut": null,
              "duration": 5133,
              "state": "failed",
              "speed": null,
              "pass": false,
              "fail": true,
              "pending": false,
              "context": null,
              "code": "cy.ContainsText(this.data.textWhereSend);\ncy.ShippingAddress(this.data.street, this.data.interiorNumber, this.data.zipCode, this.data.colony, this.data.state, this.data.city, this.data.reference);\ncy.ButtonClick(this.data.buttonContinue);",
              "err": {
                "message": "AssertionError: Timed out retrying: Expected to find content: '¿Dónde enviaremos tus moons cuando esten listos?' but never did.",
                "estack": "AssertionError: Timed out retrying: Expected to find content: '¿Dónde enviaremos tus moons cuando esten listos?' but never did.\n    at Context.eval (https://checkout-dev-e42c8.web.app/__cypress/tests?p=cypress/support/index.js:211:6)",
                "diff": null
              },
              "uuid": "f9909067-5056-466a-84f4-5af8b1ae4484",
              "parentUUID": "e0d1e7a7-fb1d-4a31-a9fe-282339365a2a",
              "isHook": false,
              "skipped": false
            },
            {
              "title": "Payment Method",
              "fullTitle": "TwelveMonths_Apply_NoCoupon_Partial_4 Payment Method",
              "timedOut": null,
              "duration": 2593,
              "state": "passed",
              "speed": "slow",
              "pass": true,
              "fail": false,
              "pending": false,
              "context": null,
              "code": "cy.ContainsText(this.data.textPaymentMeth);\ncy.PaymentMethod(this.data.cardName, this.data.cardIDMexicoMeses, this.data.month, this.data.year, this.data.cvc);",
              "err": {},
              "uuid": "bcacb6b1-d9db-4e01-9ab6-261135f976df",
              "parentUUID": "e0d1e7a7-fb1d-4a31-a9fe-282339365a2a",
              "isHook": false,
              "skipped": false
            },
            {
              "title": "TestToBackend",
              "fullTitle": "TwelveMonths_Apply_NoCoupon_Partial_4 TestToBackend",
              "timedOut": null,
              "duration": 10599,
              "state": "passed",
              "speed": "slow",
              "pass": true,
              "fail": false,
              "pending": false,
              "context": null,
              "code": "cy.ConvertNumber(this.data.TwelveMonths);\ncy.ButtonClick(this.data.buttonPayment);\ncy.wait(10000);",
              "err": {},
              "uuid": "1a235a8b-7713-47aa-95b6-6dfc7cf7188f",
              "parentUUID": "e0d1e7a7-fb1d-4a31-a9fe-282339365a2a",
              "isHook": false,
              "skipped": false
            },
            {
              "title": "ValidateSuccessfulPayment",
              "fullTitle": "TwelveMonths_Apply_NoCoupon_Partial_4 ValidateSuccessfulPayment",
              "timedOut": null,
              "duration": 91,
              "state": "passed",
              "speed": "slow",
              "pass": true,
              "fail": false,
              "pending": false,
              "context": null,
              "code": "cy.ValidateCodeConfirmation(this.data.textSuccefulPayment);",
              "err": {},
              "uuid": "19435306-10e6-4ed5-b2c6-604d43224348",
              "parentUUID": "e0d1e7a7-fb1d-4a31-a9fe-282339365a2a",
              "isHook": false,
              "skipped": false
            }
          ],
          "suites": [],
          "passes": [
            "dd2f7b7f-d2c7-4d37-a7d7-f521ba19207e",
            "bcacb6b1-d9db-4e01-9ab6-261135f976df",
            "1a235a8b-7713-47aa-95b6-6dfc7cf7188f",
            "19435306-10e6-4ed5-b2c6-604d43224348"
          ],
          "failures": [
            "f9909067-5056-466a-84f4-5af8b1ae4484"
          ],
          "pending": [],
          "skipped": [],
          "duration": 28476,
          "root": false,
          "rootEmpty": false,
          "_timeout": 2000
        }
      ],
      "passes": [],
      "failures": [],
      "pending": [],
      "skipped": [],
      "duration": 0,
      "root": true,
      "rootEmpty": true,
      "_timeout": 2000
    }
  ],
  "meta": {
    "mocha": {
      "version": "7.0.1"
    },
    "mochawesome": {
      "options": {
        "quiet": false,
        "reportFilename": "mochawesome",
        "saveHtml": false,
        "saveJson": true,
        "consoleReporter": "spec",
        "useInlineDiffs": false,
        "code": true
      },
      "version": "6.1.1"
    },
    "marge": {
      "options": {
        "id": "default",
        "reportDir": "cypress/reports/mocha",
        "quite": true,
        "overwrite": false,
        "html": false,
        "json": true
      },
      "version": "5.1.0"
    }
  }
}