{
  "stats": {
    "suites": 1,
    "tests": 4,
    "passes": 4,
    "pending": 0,
    "failures": 0,
    "start": "2020-12-16T22:58:38.022Z",
    "end": "2020-12-16T22:58:55.483Z",
    "duration": 17461,
    "testsRegistered": 4,
    "passPercent": 100,
    "pendingPercent": 0,
    "other": 0,
    "hasOther": false,
    "skipped": 0,
    "hasSkipped": false
  },
  "results": [
    {
      "uuid": "b26f1a7a-77d0-40be-8892-b44f97f95788",
      "title": "",
      "fullFile": "cypress/integration/ThreeMonthsApply/TreeMonths_Apply_NoCoupon_Partial_1.js",
      "file": "cypress/integration/ThreeMonthsApply/TreeMonths_Apply_NoCoupon_Partial_1.js",
      "beforeHooks": [],
      "afterHooks": [],
      "tests": [],
      "suites": [
        {
          "uuid": "e108dd4c-f0af-4096-a332-806265181a32",
          "title": "TreeMonths_Apply_NoCoupon_Partial_1",
          "fullFile": "",
          "file": "",
          "beforeHooks": [],
          "afterHooks": [],
          "tests": [
            {
              "title": "Purchase Summary",
              "fullTitle": "TreeMonths_Apply_NoCoupon_Partial_1 Purchase Summary",
              "timedOut": null,
              "duration": 3136,
              "state": "passed",
              "speed": "slow",
              "pass": true,
              "fail": false,
              "pending": false,
              "context": null,
              "code": "cy.VisitPage(this.env.hostMex + \"testAdvanceGreater/ja6b563cac82\");\ncy.ContainsText(this.data.textWhatPayment);\ncy.ValidateExistCoupon(false);\ncy.ButtonClick(this.data.buttonContinue);",
              "err": {},
              "uuid": "af53a073-0aa3-400f-b63a-d6ca734fef4d",
              "parentUUID": "e108dd4c-f0af-4096-a332-806265181a32",
              "isHook": false,
              "skipped": false
            },
            {
              "title": "Payment Method",
              "fullTitle": "TreeMonths_Apply_NoCoupon_Partial_1 Payment Method",
              "timedOut": null,
              "duration": 1890,
              "state": "passed",
              "speed": "slow",
              "pass": true,
              "fail": false,
              "pending": false,
              "context": null,
              "code": "cy.ContainsText(this.data.textPaymentMeth);\ncy.PaymentMethod(this.data.cardName, this.data.cardIDMexicoMeses, this.data.month, this.data.year, this.data.cvc);",
              "err": {},
              "uuid": "e72fda95-f512-4021-abea-d6bdc8d666b1",
              "parentUUID": "e108dd4c-f0af-4096-a332-806265181a32",
              "isHook": false,
              "skipped": false
            },
            {
              "title": "TestToBackend",
              "fullTitle": "TreeMonths_Apply_NoCoupon_Partial_1 TestToBackend",
              "timedOut": null,
              "duration": 10456,
              "state": "passed",
              "speed": "slow",
              "pass": true,
              "fail": false,
              "pending": false,
              "context": null,
              "code": "cy.ConvertNumber(this.data.ThreeMonths);\ncy.ButtonClick(this.data.buttonPayment);\ncy.wait(10000);",
              "err": {},
              "uuid": "fdbf607b-0d3c-464e-8d1a-b43b4e8738a8",
              "parentUUID": "e108dd4c-f0af-4096-a332-806265181a32",
              "isHook": false,
              "skipped": false
            },
            {
              "title": "ValidateSuccessfulPayment",
              "fullTitle": "TreeMonths_Apply_NoCoupon_Partial_1 ValidateSuccessfulPayment",
              "timedOut": null,
              "duration": 59,
              "state": "passed",
              "speed": "medium",
              "pass": true,
              "fail": false,
              "pending": false,
              "context": null,
              "code": "cy.ValidateCodeConfirmation(this.data.textSuccefulPayment);",
              "err": {},
              "uuid": "88aa4c3d-6648-41c6-a5fa-c34d96792c00",
              "parentUUID": "e108dd4c-f0af-4096-a332-806265181a32",
              "isHook": false,
              "skipped": false
            }
          ],
          "suites": [],
          "passes": [
            "af53a073-0aa3-400f-b63a-d6ca734fef4d",
            "e72fda95-f512-4021-abea-d6bdc8d666b1",
            "fdbf607b-0d3c-464e-8d1a-b43b4e8738a8",
            "88aa4c3d-6648-41c6-a5fa-c34d96792c00"
          ],
          "failures": [],
          "pending": [],
          "skipped": [],
          "duration": 15541,
          "root": false,
          "rootEmpty": false,
          "_timeout": 2000
        }
      ],
      "passes": [],
      "failures": [],
      "pending": [],
      "skipped": [],
      "duration": 0,
      "root": true,
      "rootEmpty": true,
      "_timeout": 2000
    }
  ],
  "meta": {
    "mocha": {
      "version": "7.0.1"
    },
    "mochawesome": {
      "options": {
        "quiet": false,
        "reportFilename": "mochawesome",
        "saveHtml": false,
        "saveJson": true,
        "consoleReporter": "spec",
        "useInlineDiffs": false,
        "code": true
      },
      "version": "6.1.1"
    },
    "marge": {
      "options": {
        "id": "default",
        "reportDir": "cypress/reports/mocha",
        "quite": true,
        "overwrite": false,
        "html": false,
        "json": true
      },
      "version": "5.1.0"
    }
  }
}