{
  "stats": {
    "suites": 1,
    "tests": 5,
    "passes": 4,
    "pending": 0,
    "failures": 1,
    "start": "2020-12-16T23:07:02.419Z",
    "end": "2020-12-16T23:07:29.247Z",
    "duration": 26828,
    "testsRegistered": 5,
    "passPercent": 80,
    "pendingPercent": 0,
    "other": 0,
    "hasOther": false,
    "skipped": 0,
    "hasSkipped": false
  },
  "results": [
    {
      "uuid": "60cd544d-112e-4138-8d28-03586fd3b8ca",
      "title": "",
      "fullFile": "cypress/integration/TwelveMonthsDiscount/TwelveMonths_Discount_NoCoupon_Partial_2.js",
      "file": "cypress/integration/TwelveMonthsDiscount/TwelveMonths_Discount_NoCoupon_Partial_2.js",
      "beforeHooks": [],
      "afterHooks": [],
      "tests": [],
      "suites": [
        {
          "uuid": "d7f38825-4da3-4797-93af-9c5f3941f5c9",
          "title": "TwelveMonths_Discount_NoCoupon_Partial_2",
          "fullFile": "",
          "file": "",
          "beforeHooks": [],
          "afterHooks": [],
          "tests": [
            {
              "title": "Purchase Summary",
              "fullTitle": "TwelveMonths_Discount_NoCoupon_Partial_2 Purchase Summary",
              "timedOut": null,
              "duration": 5467,
              "state": "passed",
              "speed": "slow",
              "pass": true,
              "fail": false,
              "pending": false,
              "context": null,
              "code": "cy.VisitPage(this.env.hostMex + this.env.TestPriceGreater);\ncy.ContainsText(this.data.textWhatPayment);\ncy.ValidateExistCoupon(false);\ncy.ButtonClick(this.data.buttonContinue);",
              "err": {},
              "uuid": "48b70215-624c-4120-b15e-b5326784469f",
              "parentUUID": "d7f38825-4da3-4797-93af-9c5f3941f5c9",
              "isHook": false,
              "skipped": false
            },
            {
              "title": "Shipping Address",
              "fullTitle": "TwelveMonths_Discount_NoCoupon_Partial_2 Shipping Address",
              "timedOut": null,
              "duration": 5079,
              "state": "failed",
              "speed": null,
              "pass": false,
              "fail": true,
              "pending": false,
              "context": null,
              "code": "cy.ContainsText(this.data.textWhereSend);\ncy.ShippingAddress(this.data.street, this.data.interiorNumber, this.data.zipCode, this.data.colony, this.data.state, this.data.city, this.data.reference);\ncy.ButtonClick(this.data.buttonContinue);",
              "err": {
                "message": "AssertionError: Timed out retrying: Expected to find content: '¿Dónde enviaremos tus moons cuando esten listos?' but never did.",
                "estack": "AssertionError: Timed out retrying: Expected to find content: '¿Dónde enviaremos tus moons cuando esten listos?' but never did.\n    at Context.eval (https://checkout-dev-e42c8.web.app/__cypress/tests?p=cypress/support/index.js:211:6)",
                "diff": null
              },
              "uuid": "538882bc-dc6a-4a2d-b026-5b8a32376555",
              "parentUUID": "d7f38825-4da3-4797-93af-9c5f3941f5c9",
              "isHook": false,
              "skipped": false
            },
            {
              "title": "Payment Method",
              "fullTitle": "TwelveMonths_Discount_NoCoupon_Partial_2 Payment Method",
              "timedOut": null,
              "duration": 3107,
              "state": "passed",
              "speed": "slow",
              "pass": true,
              "fail": false,
              "pending": false,
              "context": null,
              "code": "cy.ContainsText(this.data.textPaymentMeth);\ncy.PaymentMethod(this.data.cardName, this.data.cardIDMexicoMeses, this.data.month, this.data.year, this.data.cvc);",
              "err": {},
              "uuid": "0461103e-53c0-4cce-bc4e-b2ad6d793e22",
              "parentUUID": "d7f38825-4da3-4797-93af-9c5f3941f5c9",
              "isHook": false,
              "skipped": false
            },
            {
              "title": "TestToBackend",
              "fullTitle": "TwelveMonths_Discount_NoCoupon_Partial_2 TestToBackend",
              "timedOut": null,
              "duration": 10562,
              "state": "passed",
              "speed": "slow",
              "pass": true,
              "fail": false,
              "pending": false,
              "context": null,
              "code": "cy.ValitadeMSI(this.data.TwelveMonths);\ncy.ButtonClick(this.data.buttonPayment);\ncy.wait(10000);",
              "err": {},
              "uuid": "f6fa03d7-3dd3-4f54-a78c-8cce549515be",
              "parentUUID": "d7f38825-4da3-4797-93af-9c5f3941f5c9",
              "isHook": false,
              "skipped": false
            },
            {
              "title": "ValidateSuccessfulPayment",
              "fullTitle": "TwelveMonths_Discount_NoCoupon_Partial_2 ValidateSuccessfulPayment",
              "timedOut": null,
              "duration": 96,
              "state": "passed",
              "speed": "slow",
              "pass": true,
              "fail": false,
              "pending": false,
              "context": null,
              "code": "cy.ValidateCodeConfirmation(this.data.textSuccefulPayment);",
              "err": {},
              "uuid": "f0853b9f-a65e-4424-a63b-f1bf45ce1ae8",
              "parentUUID": "d7f38825-4da3-4797-93af-9c5f3941f5c9",
              "isHook": false,
              "skipped": false
            }
          ],
          "suites": [],
          "passes": [
            "48b70215-624c-4120-b15e-b5326784469f",
            "0461103e-53c0-4cce-bc4e-b2ad6d793e22",
            "f6fa03d7-3dd3-4f54-a78c-8cce549515be",
            "f0853b9f-a65e-4424-a63b-f1bf45ce1ae8"
          ],
          "failures": [
            "538882bc-dc6a-4a2d-b026-5b8a32376555"
          ],
          "pending": [],
          "skipped": [],
          "duration": 24311,
          "root": false,
          "rootEmpty": false,
          "_timeout": 2000
        }
      ],
      "passes": [],
      "failures": [],
      "pending": [],
      "skipped": [],
      "duration": 0,
      "root": true,
      "rootEmpty": true,
      "_timeout": 2000
    }
  ],
  "meta": {
    "mocha": {
      "version": "7.0.1"
    },
    "mochawesome": {
      "options": {
        "quiet": false,
        "reportFilename": "mochawesome",
        "saveHtml": false,
        "saveJson": true,
        "consoleReporter": "spec",
        "useInlineDiffs": false,
        "code": true
      },
      "version": "6.1.1"
    },
    "marge": {
      "options": {
        "id": "default",
        "reportDir": "cypress/reports/mocha",
        "quite": true,
        "overwrite": false,
        "html": false,
        "json": true
      },
      "version": "5.1.0"
    }
  }
}