{
  "stats": {
    "suites": 1,
    "tests": 5,
    "passes": 4,
    "pending": 0,
    "failures": 1,
    "start": "2020-12-10T23:29:57.646Z",
    "end": "2020-12-10T23:30:44.679Z",
    "duration": 47033,
    "testsRegistered": 5,
    "passPercent": 80,
    "pendingPercent": 0,
    "other": 0,
    "hasOther": false,
    "skipped": 0,
    "hasSkipped": false
  },
  "results": [
    {
      "uuid": "a6fd889c-1626-4475-9508-fd2bbe98369a",
      "title": "",
      "fullFile": "cypress/integration/NineMonthsApply/NineMonths_Apply_NoCoupon_NoPayment_1.js",
      "file": "cypress/integration/NineMonthsApply/NineMonths_Apply_NoCoupon_NoPayment_1.js",
      "beforeHooks": [],
      "afterHooks": [],
      "tests": [],
      "suites": [
        {
          "uuid": "4cd1015e-64a6-4bde-b7a2-57e2fcbc2691",
          "title": "Discount One Payment",
          "fullFile": "",
          "file": "",
          "beforeHooks": [],
          "afterHooks": [],
          "tests": [
            {
              "title": "Purchase Summary",
              "fullTitle": "Discount One Payment Purchase Summary",
              "timedOut": null,
              "duration": 7552,
              "state": "passed",
              "speed": "slow",
              "pass": true,
              "fail": false,
              "pending": false,
              "context": null,
              "code": "cy.VisitPage(this.env.hostMex + this.env.url5);\ncy.ContainsText(this.data.textWhatPayment);\ncy.ValidateExistCoupon(false);\ncy.ButtonClick(this.data.buttonContinue);",
              "err": {},
              "uuid": "7f65cae1-4aea-45ae-9243-74a48e0671fb",
              "parentUUID": "4cd1015e-64a6-4bde-b7a2-57e2fcbc2691",
              "isHook": false,
              "skipped": false
            },
            {
              "title": "Shipping Address",
              "fullTitle": "Discount One Payment Shipping Address",
              "timedOut": null,
              "duration": 5692,
              "state": "failed",
              "speed": null,
              "pass": false,
              "fail": true,
              "pending": false,
              "context": null,
              "code": "cy.ContainsText(this.data.textWhereSend);\ncy.ClearShippingA();\ncy.ShippingAddress(this.data.street, this.data.interiorNumber, this.data.zipCode, this.data.colony, this.data.state, this.data.city, this.data.reference);\ncy.ButtonClick(this.data.buttonContinue);",
              "err": {
                "message": "AssertionError: Timed out retrying: Expected to find content: '¿Dónde enviaremos tus moons cuando esten listos?' but never did.",
                "estack": "AssertionError: Timed out retrying: Expected to find content: '¿Dónde enviaremos tus moons cuando esten listos?' but never did.\n    at Context.eval (https://checkout-dev-e42c8.web.app/__cypress/tests?p=cypress/support/index.js:212:6)",
                "diff": null
              },
              "uuid": "f46bc849-4850-48dd-bb3f-7e579fa9c0af",
              "parentUUID": "4cd1015e-64a6-4bde-b7a2-57e2fcbc2691",
              "isHook": false,
              "skipped": false
            },
            {
              "title": "Payment Method",
              "fullTitle": "Discount One Payment Payment Method",
              "timedOut": null,
              "duration": 11073,
              "state": "passed",
              "speed": "slow",
              "pass": true,
              "fail": false,
              "pending": false,
              "context": null,
              "code": "cy.ContainsText(this.data.textPaymentMeth);\ncy.PaymentMethod(this.data.cardName, this.data.cardIDMexicoMeses, this.data.month, this.data.year, this.data.cvc);",
              "err": {},
              "uuid": "7043956d-7d0c-4274-b953-3044426dd056",
              "parentUUID": "4cd1015e-64a6-4bde-b7a2-57e2fcbc2691",
              "isHook": false,
              "skipped": false
            },
            {
              "title": "TestToBackend",
              "fullTitle": "Discount One Payment TestToBackend",
              "timedOut": null,
              "duration": 18351,
              "state": "passed",
              "speed": "slow",
              "pass": true,
              "fail": false,
              "pending": false,
              "context": null,
              "code": "cy.ConvertNumber(this.data.NineMonths);\ncy.ButtonClick(this.data.buttonPayment);\ncy.wait(10000);",
              "err": {},
              "uuid": "4a254084-5903-42da-b641-5e5dcefe982c",
              "parentUUID": "4cd1015e-64a6-4bde-b7a2-57e2fcbc2691",
              "isHook": false,
              "skipped": false
            },
            {
              "title": "ValidateSuccessfulPayment",
              "fullTitle": "Discount One Payment ValidateSuccessfulPayment",
              "timedOut": null,
              "duration": 583,
              "state": "passed",
              "speed": "slow",
              "pass": true,
              "fail": false,
              "pending": false,
              "context": null,
              "code": "cy.ValidateCodeConfirmation(this.data.textSuccefulPayment);",
              "err": {},
              "uuid": "efb6c8e2-fdf4-4420-84fc-91071f045b83",
              "parentUUID": "4cd1015e-64a6-4bde-b7a2-57e2fcbc2691",
              "isHook": false,
              "skipped": false
            }
          ],
          "suites": [],
          "passes": [
            "7f65cae1-4aea-45ae-9243-74a48e0671fb",
            "7043956d-7d0c-4274-b953-3044426dd056",
            "4a254084-5903-42da-b641-5e5dcefe982c",
            "efb6c8e2-fdf4-4420-84fc-91071f045b83"
          ],
          "failures": [
            "f46bc849-4850-48dd-bb3f-7e579fa9c0af"
          ],
          "pending": [],
          "skipped": [],
          "duration": 43251,
          "root": false,
          "rootEmpty": false,
          "_timeout": 2000
        }
      ],
      "passes": [],
      "failures": [],
      "pending": [],
      "skipped": [],
      "duration": 0,
      "root": true,
      "rootEmpty": true,
      "_timeout": 2000
    }
  ],
  "meta": {
    "mocha": {
      "version": "7.0.1"
    },
    "mochawesome": {
      "options": {
        "quiet": false,
        "reportFilename": "mochawesome",
        "saveHtml": false,
        "saveJson": true,
        "consoleReporter": "spec",
        "useInlineDiffs": false,
        "code": true
      },
      "version": "6.1.1"
    },
    "marge": {
      "options": {
        "id": "default",
        "reportDir": "cypress/reports/mocha",
        "quite": true,
        "overwrite": false,
        "html": false,
        "json": true
      },
      "version": "5.1.0"
    }
  }
}