{
  "stats": {
    "suites": 1,
    "tests": 3,
    "passes": 0,
    "pending": 0,
    "failures": 3,
    "start": "2020-12-16T23:08:58.601Z",
    "end": "2020-12-16T23:09:08.864Z",
    "duration": 10263,
    "testsRegistered": 3,
    "passPercent": 0,
    "pendingPercent": 0,
    "other": 0,
    "hasOther": false,
    "skipped": 0,
    "hasSkipped": false
  },
  "results": [
    {
      "uuid": "70e1b7d5-9ebf-4af2-9182-ff0c050cff46",
      "title": "",
      "fullFile": "cypress/integration/urlSPEI.spec.js",
      "file": "cypress/integration/urlSPEI.spec.js",
      "beforeHooks": [],
      "afterHooks": [],
      "tests": [],
      "suites": [
        {
          "uuid": "f5d4bc0e-6191-487e-bfbf-af9c6de67061",
          "title": "LoadingPageUrlSPEI ",
          "fullFile": "",
          "file": "",
          "beforeHooks": [],
          "afterHooks": [],
          "tests": [
            {
              "title": "SuccessfullyLoads",
              "fullTitle": "LoadingPageUrlSPEI  SuccessfullyLoads",
              "timedOut": null,
              "duration": 1197,
              "state": "failed",
              "speed": null,
              "pass": false,
              "fail": true,
              "pending": false,
              "context": null,
              "code": "cy.VisitPage(this.env.host + this.env.url2).wait(2000);\ncy.ButtonClick(this.data.buttonContinue);",
              "err": {
                "message": "CypressError: `cy.visit()` failed trying to load:\n\nhttp://localhost:3000/checkout/testApplyToPrice/42pmvqx2rhr8\n\nWe attempted to make an http request to this URL but the request failed without a response.\n\nWe received this error at the network level:\n\n  > Error: connect ECONNREFUSED 127.0.0.1:3000\n\nCommon situations why this would fail:\n  - you don't have internet access\n  - you forgot to run / boot your web server\n  - your web server isn't accessible\n  - you have weird network configuration settings on your computer",
                "estack": "CypressError: `cy.visit()` failed trying to load:\n\nhttp://localhost:3000/checkout/testApplyToPrice/42pmvqx2rhr8\n\nWe attempted to make an http request to this URL but the request failed without a response.\n\nWe received this error at the network level:\n\n  > Error: connect ECONNREFUSED 127.0.0.1:3000\n\nCommon situations why this would fail:\n  - you don't have internet access\n  - you forgot to run / boot your web server\n  - your web server isn't accessible\n  - you have weird network configuration settings on your computer\n    at http://localhost:56746/__cypress/runner/cypress_runner.js:157829:23\n    at visitFailedByErr (http://localhost:56746/__cypress/runner/cypress_runner.js:157189:12)\n    at http://localhost:56746/__cypress/runner/cypress_runner.js:157828:11\n    at tryCatcher (http://localhost:56746/__cypress/runner/cypress_runner.js:10584:23)\n    at Promise._settlePromiseFromHandler (http://localhost:56746/__cypress/runner/cypress_runner.js:8519:31)\n    at Promise._settlePromise (http://localhost:56746/__cypress/runner/cypress_runner.js:8576:18)\n    at Promise._settlePromise0 (http://localhost:56746/__cypress/runner/cypress_runner.js:8621:10)\n    at Promise._settlePromises (http://localhost:56746/__cypress/runner/cypress_runner.js:8697:18)\n    at _drainQueueStep (http://localhost:56746/__cypress/runner/cypress_runner.js:5291:12)\n    at _drainQueue (http://localhost:56746/__cypress/runner/cypress_runner.js:5284:9)\n    at Async.../../node_modules/bluebird/js/release/async.js.Async._drainQueues (http://localhost:56746/__cypress/runner/cypress_runner.js:5300:5)\n    at Async.drainQueues (http://localhost:56746/__cypress/runner/cypress_runner.js:5170:14)\nFrom Your Spec Code:\n    at Context.eval (http://localhost:56746/__cypress/tests?p=cypress/support/index.js:159:6)\n\nFrom Node.js Internals:\n  Error: connect ECONNREFUSED 127.0.0.1:3000\n      at TCPConnectWrap.afterConnect [as oncomplete] (net.js:1141:16)\n  ",
                "diff": null
              },
              "uuid": "66cade58-5203-4586-9780-022bc726a4b4",
              "parentUUID": "f5d4bc0e-6191-487e-bfbf-af9c6de67061",
              "isHook": false,
              "skipped": false
            },
            {
              "title": "ShippingAddress",
              "fullTitle": "LoadingPageUrlSPEI  ShippingAddress",
              "timedOut": null,
              "duration": 4481,
              "state": "failed",
              "speed": null,
              "pass": false,
              "fail": true,
              "pending": false,
              "context": null,
              "code": "cy.contains('Dirección de envío');\ncy.ShippingAddress(this.data.street, this.data.interiorNumber, this.data.zipCode, this.data.colony, this.data.state, this.data.city, this.data.reference);\ncy.ButtonClick(this.data.buttonContinue);",
              "err": {
                "message": "AssertionError: Timed out retrying: Expected to find content: 'Dirección de envío' but never did.",
                "estack": "AssertionError: Timed out retrying: Expected to find content: 'Dirección de envío' but never did.\n    at Context.eval (http://localhost:56746/__cypress/tests?p=cypress/integration/urlSPEI.spec.js:109:8)",
                "diff": null
              },
              "uuid": "d92af7d0-11f1-46b4-ae7b-20e648485717",
              "parentUUID": "f5d4bc0e-6191-487e-bfbf-af9c6de67061",
              "isHook": false,
              "skipped": false
            },
            {
              "title": "PaymentMethod",
              "fullTitle": "LoadingPageUrlSPEI  PaymentMethod",
              "timedOut": null,
              "duration": 4425,
              "state": "failed",
              "speed": null,
              "pass": false,
              "fail": true,
              "pending": false,
              "context": null,
              "code": "cy.contains('Método de Pago');\ncy.get('.PaymentSelector1_TextTema__3XYeX').click();\ncy.get('#spei').click();\ncy.contains('Obtener CLABE').click;",
              "err": {
                "message": "AssertionError: Timed out retrying: Expected to find content: 'Método de Pago' but never did.",
                "estack": "AssertionError: Timed out retrying: Expected to find content: 'Método de Pago' but never did.\n    at Context.eval (http://localhost:56746/__cypress/tests?p=cypress/integration/urlSPEI.spec.js:114:8)",
                "diff": null
              },
              "uuid": "63f7a4fd-252a-4ab6-9297-cf32075c1df2",
              "parentUUID": "f5d4bc0e-6191-487e-bfbf-af9c6de67061",
              "isHook": false,
              "skipped": false
            }
          ],
          "suites": [],
          "passes": [],
          "failures": [
            "66cade58-5203-4586-9780-022bc726a4b4",
            "d92af7d0-11f1-46b4-ae7b-20e648485717",
            "63f7a4fd-252a-4ab6-9297-cf32075c1df2"
          ],
          "pending": [],
          "skipped": [],
          "duration": 10103,
          "root": false,
          "rootEmpty": false,
          "_timeout": 2000
        }
      ],
      "passes": [],
      "failures": [],
      "pending": [],
      "skipped": [],
      "duration": 0,
      "root": true,
      "rootEmpty": true,
      "_timeout": 2000
    }
  ],
  "meta": {
    "mocha": {
      "version": "7.0.1"
    },
    "mochawesome": {
      "options": {
        "quiet": false,
        "reportFilename": "mochawesome",
        "saveHtml": false,
        "saveJson": true,
        "consoleReporter": "spec",
        "useInlineDiffs": false,
        "code": true
      },
      "version": "6.1.1"
    },
    "marge": {
      "options": {
        "id": "default",
        "reportDir": "cypress/reports/mocha",
        "quite": true,
        "overwrite": false,
        "html": false,
        "json": true
      },
      "version": "5.1.0"
    }
  }
}