{
  "stats": {
    "suites": 1,
    "tests": 5,
    "passes": 5,
    "pending": 0,
    "failures": 0,
    "start": "2020-12-16T23:07:40.093Z",
    "end": "2020-12-16T23:08:07.660Z",
    "duration": 27567,
    "testsRegistered": 5,
    "passPercent": 100,
    "pendingPercent": 0,
    "other": 0,
    "hasOther": false,
    "skipped": 0,
    "hasSkipped": false
  },
  "results": [
    {
      "uuid": "0497ff0c-61fc-4ee9-bc55-72a6e78ddb12",
      "title": "",
      "fullFile": "cypress/integration/TwelveMonthsDiscount/TwelveMonths_Discount_NoCoupon_Partial_3.js",
      "file": "cypress/integration/TwelveMonthsDiscount/TwelveMonths_Discount_NoCoupon_Partial_3.js",
      "beforeHooks": [],
      "afterHooks": [],
      "tests": [],
      "suites": [
        {
          "uuid": "8d0ce9ed-6153-4b33-b491-0678f4413bbd",
          "title": "TwelveMonths_Discount_NoCoupon_Partial_3",
          "fullFile": "",
          "file": "",
          "beforeHooks": [],
          "afterHooks": [],
          "tests": [
            {
              "title": "Purchase Summary",
              "fullTitle": "TwelveMonths_Discount_NoCoupon_Partial_3 Purchase Summary",
              "timedOut": null,
              "duration": 5584,
              "state": "passed",
              "speed": "slow",
              "pass": true,
              "fail": false,
              "pending": false,
              "context": null,
              "code": "cy.VisitPage(this.env.hostMex + this.env.AdvanceGreaterPaciente);\ncy.ContainsText(this.data.textWhatPayment);\ncy.ValidateExistCoupon(false);\ncy.ButtonClick(this.data.buttonContinue);",
              "err": {},
              "uuid": "860ac45c-f5a4-442d-8d5e-4cb1528cdf87",
              "parentUUID": "8d0ce9ed-6153-4b33-b491-0678f4413bbd",
              "isHook": false,
              "skipped": false
            },
            {
              "title": "Shipping Address",
              "fullTitle": "TwelveMonths_Discount_NoCoupon_Partial_3 Shipping Address",
              "timedOut": null,
              "duration": 6333,
              "state": "passed",
              "speed": "slow",
              "pass": true,
              "fail": false,
              "pending": false,
              "context": null,
              "code": "cy.ContainsText(this.data.textWhereSend);\ncy.ClearShippingA();\ncy.ShippingAddress(this.data.street, this.data.interiorNumber, this.data.zipCode, this.data.colony, this.data.state, this.data.city, this.data.reference);\ncy.ButtonClick(this.data.buttonContinue);",
              "err": {},
              "uuid": "1c7b5dc9-9de4-4848-9c4e-18aa23c6df5c",
              "parentUUID": "8d0ce9ed-6153-4b33-b491-0678f4413bbd",
              "isHook": false,
              "skipped": false
            },
            {
              "title": "Payment Method",
              "fullTitle": "TwelveMonths_Discount_NoCoupon_Partial_3 Payment Method",
              "timedOut": null,
              "duration": 2114,
              "state": "passed",
              "speed": "slow",
              "pass": true,
              "fail": false,
              "pending": false,
              "context": null,
              "code": "cy.ContainsText(this.data.textPaymentMeth);\ncy.PaymentMethod(this.data.cardName, this.data.cardIDMexicoMeses, this.data.month, this.data.year, this.data.cvc);",
              "err": {},
              "uuid": "9d76c43c-8083-490e-a048-bb19408f19c5",
              "parentUUID": "8d0ce9ed-6153-4b33-b491-0678f4413bbd",
              "isHook": false,
              "skipped": false
            },
            {
              "title": "TestToBackend",
              "fullTitle": "TwelveMonths_Discount_NoCoupon_Partial_3 TestToBackend",
              "timedOut": null,
              "duration": 10551,
              "state": "passed",
              "speed": "slow",
              "pass": true,
              "fail": false,
              "pending": false,
              "context": null,
              "code": "cy.ValitadeMSI(this.data.TwelveMonths);\ncy.ButtonClick(this.data.buttonPayment);\ncy.wait(10000);",
              "err": {},
              "uuid": "4e6a42f4-cd07-4314-ba7e-65a485a393e8",
              "parentUUID": "8d0ce9ed-6153-4b33-b491-0678f4413bbd",
              "isHook": false,
              "skipped": false
            },
            {
              "title": "ValidateSuccessfulPayment",
              "fullTitle": "TwelveMonths_Discount_NoCoupon_Partial_3 ValidateSuccessfulPayment",
              "timedOut": null,
              "duration": 91,
              "state": "passed",
              "speed": "slow",
              "pass": true,
              "fail": false,
              "pending": false,
              "context": null,
              "code": "cy.ValidateCodeConfirmation(this.data.textSuccefulPayment);",
              "err": {},
              "uuid": "bfc05d33-3a39-41cc-a0fa-d66536931853",
              "parentUUID": "8d0ce9ed-6153-4b33-b491-0678f4413bbd",
              "isHook": false,
              "skipped": false
            }
          ],
          "suites": [],
          "passes": [
            "860ac45c-f5a4-442d-8d5e-4cb1528cdf87",
            "1c7b5dc9-9de4-4848-9c4e-18aa23c6df5c",
            "9d76c43c-8083-490e-a048-bb19408f19c5",
            "4e6a42f4-cd07-4314-ba7e-65a485a393e8",
            "bfc05d33-3a39-41cc-a0fa-d66536931853"
          ],
          "failures": [],
          "pending": [],
          "skipped": [],
          "duration": 24673,
          "root": false,
          "rootEmpty": false,
          "_timeout": 2000
        }
      ],
      "passes": [],
      "failures": [],
      "pending": [],
      "skipped": [],
      "duration": 0,
      "root": true,
      "rootEmpty": true,
      "_timeout": 2000
    }
  ],
  "meta": {
    "mocha": {
      "version": "7.0.1"
    },
    "mochawesome": {
      "options": {
        "quiet": false,
        "reportFilename": "mochawesome",
        "saveHtml": false,
        "saveJson": true,
        "consoleReporter": "spec",
        "useInlineDiffs": false,
        "code": true
      },
      "version": "6.1.1"
    },
    "marge": {
      "options": {
        "id": "default",
        "reportDir": "cypress/reports/mocha",
        "quite": true,
        "overwrite": false,
        "html": false,
        "json": true
      },
      "version": "5.1.0"
    }
  }
}