{
  "stats": {
    "suites": 1,
    "tests": 5,
    "passes": 4,
    "pending": 0,
    "failures": 1,
    "start": "2020-12-16T22:52:09.357Z",
    "end": "2020-12-16T22:52:30.735Z",
    "duration": 21378,
    "testsRegistered": 5,
    "passPercent": 80,
    "pendingPercent": 0,
    "other": 0,
    "hasOther": false,
    "skipped": 0,
    "hasSkipped": false
  },
  "results": [
    {
      "uuid": "8dc3598d-6c03-4fb9-9a1f-03da5314cd66",
      "title": "",
      "fullFile": "cypress/integration/NoMonthsDiscountOnePayment/test5.spec.js",
      "file": "cypress/integration/NoMonthsDiscountOnePayment/test5.spec.js",
      "beforeHooks": [],
      "afterHooks": [],
      "tests": [],
      "suites": [
        {
          "uuid": "a731b8ee-f1a3-43ce-a720-140933b7da21",
          "title": "Loading Page Url5",
          "fullFile": "",
          "file": "",
          "beforeHooks": [],
          "afterHooks": [],
          "tests": [
            {
              "title": "successfully loads",
              "fullTitle": "Loading Page Url5 successfully loads",
              "timedOut": null,
              "duration": 3126,
              "state": "passed",
              "speed": "slow",
              "pass": true,
              "fail": false,
              "pending": false,
              "context": null,
              "code": "cy.clearCookies();\ncy.VisitPage(this.env.hostMex + this.env.url5);\ncy.ContainsText(this.data.textWhatPayment);\ncy.ValidateExistCoupon(false);\ncy.ButtonClick(this.data.buttonContinue);",
              "err": {},
              "uuid": "32a3ce1f-732c-4620-86f0-17393fcdbbb9",
              "parentUUID": "a731b8ee-f1a3-43ce-a720-140933b7da21",
              "isHook": false,
              "skipped": false
            },
            {
              "title": "Shipping Address",
              "fullTitle": "Loading Page Url5 Shipping Address",
              "timedOut": null,
              "duration": 4557,
              "state": "failed",
              "speed": null,
              "pass": false,
              "fail": true,
              "pending": false,
              "context": null,
              "code": "cy.ContainsText(this.data.textWhereSend); //Se agrega espacio en blanco en zipCode\ncy.ShippingAddress(this.data.street, this.data.interiorNumber, this.data.zipCode, this.data.colony, this.data.state, this.data.city, this.data.reference);\ncy.ButtonClick(this.data.buttonContinue);",
              "err": {
                "message": "AssertionError: Timed out retrying: Expected to find content: '¿Dónde enviaremos tus moons cuando esten listos?' but never did.",
                "estack": "AssertionError: Timed out retrying: Expected to find content: '¿Dónde enviaremos tus moons cuando esten listos?' but never did.\n    at Context.eval (https://checkout-dev-e42c8.web.app/__cypress/tests?p=cypress/support/index.js:211:6)",
                "diff": null
              },
              "uuid": "581c83f1-6bf1-457a-ba29-3101342b989d",
              "parentUUID": "a731b8ee-f1a3-43ce-a720-140933b7da21",
              "isHook": false,
              "skipped": false
            },
            {
              "title": "Payment Method",
              "fullTitle": "Loading Page Url5 Payment Method",
              "timedOut": null,
              "duration": 1530,
              "state": "passed",
              "speed": "slow",
              "pass": true,
              "fail": false,
              "pending": false,
              "context": null,
              "code": "cy.ContainsText(this.data.textPaymentMeth);\ncy.PaymentMethod(this.data.cardName, this.data.cardIDMexico, this.data.month, this.data.year, this.data.cvc);",
              "err": {},
              "uuid": "31bf4cf4-f7d4-4afe-b361-a4f5122e8b39",
              "parentUUID": "a731b8ee-f1a3-43ce-a720-140933b7da21",
              "isHook": false,
              "skipped": false
            },
            {
              "title": "TestToBackend",
              "fullTitle": "Loading Page Url5 TestToBackend",
              "timedOut": null,
              "duration": 10390,
              "state": "passed",
              "speed": "slow",
              "pass": true,
              "fail": false,
              "pending": false,
              "context": null,
              "code": "cy.ValitadeMSI(this.data.NoMounths);\ncy.ButtonClick(this.data.buttonPayment);\ncy.wait(10000);",
              "err": {},
              "uuid": "33f0d9df-72da-4e28-93cd-26141108ba56",
              "parentUUID": "a731b8ee-f1a3-43ce-a720-140933b7da21",
              "isHook": false,
              "skipped": false
            },
            {
              "title": "ValidateSuccessfulPayment",
              "fullTitle": "Loading Page Url5 ValidateSuccessfulPayment",
              "timedOut": null,
              "duration": 90,
              "state": "passed",
              "speed": "slow",
              "pass": true,
              "fail": false,
              "pending": false,
              "context": null,
              "code": "cy.ValidateCodeConfirmation(this.data.textSuccefulPayment);",
              "err": {},
              "uuid": "1a64aeed-1765-41f5-855f-70efe7f74fd2",
              "parentUUID": "a731b8ee-f1a3-43ce-a720-140933b7da21",
              "isHook": false,
              "skipped": false
            }
          ],
          "suites": [],
          "passes": [
            "32a3ce1f-732c-4620-86f0-17393fcdbbb9",
            "31bf4cf4-f7d4-4afe-b361-a4f5122e8b39",
            "33f0d9df-72da-4e28-93cd-26141108ba56",
            "1a64aeed-1765-41f5-855f-70efe7f74fd2"
          ],
          "failures": [
            "581c83f1-6bf1-457a-ba29-3101342b989d"
          ],
          "pending": [],
          "skipped": [],
          "duration": 19693,
          "root": false,
          "rootEmpty": false,
          "_timeout": 2000
        }
      ],
      "passes": [],
      "failures": [],
      "pending": [],
      "skipped": [],
      "duration": 0,
      "root": true,
      "rootEmpty": true,
      "_timeout": 2000
    }
  ],
  "meta": {
    "mocha": {
      "version": "7.0.1"
    },
    "mochawesome": {
      "options": {
        "quiet": false,
        "reportFilename": "mochawesome",
        "saveHtml": false,
        "saveJson": true,
        "consoleReporter": "spec",
        "useInlineDiffs": false,
        "code": true
      },
      "version": "6.1.1"
    },
    "marge": {
      "options": {
        "id": "default",
        "reportDir": "cypress/reports/mocha",
        "quite": true,
        "overwrite": false,
        "html": false,
        "json": true
      },
      "version": "5.1.0"
    }
  }
}