{
  "stats": {
    "suites": 1,
    "tests": 5,
    "passes": 4,
    "pending": 0,
    "failures": 1,
    "start": "2020-12-16T23:03:14.928Z",
    "end": "2020-12-16T23:03:51.882Z",
    "duration": 36954,
    "testsRegistered": 5,
    "passPercent": 80,
    "pendingPercent": 0,
    "other": 0,
    "hasOther": false,
    "skipped": 0,
    "hasSkipped": false
  },
  "results": [
    {
      "uuid": "b3b9a89e-9817-44df-991e-cfc2b623fd54",
      "title": "",
      "fullFile": "cypress/integration/TwelveMonthsApply/TwelveMonths_Apply_NoCoupon_Partial_1.js",
      "file": "cypress/integration/TwelveMonthsApply/TwelveMonths_Apply_NoCoupon_Partial_1.js",
      "beforeHooks": [],
      "afterHooks": [],
      "tests": [],
      "suites": [
        {
          "uuid": "0fdeba51-14cd-4d12-853d-f38186169455",
          "title": "TwelveMonths_Apply_NoCoupon_Partial_1",
          "fullFile": "",
          "file": "",
          "beforeHooks": [],
          "afterHooks": [],
          "tests": [
            {
              "title": "Purchase Summary",
              "fullTitle": "TwelveMonths_Apply_NoCoupon_Partial_1 Purchase Summary",
              "timedOut": null,
              "duration": 11136,
              "state": "passed",
              "speed": "slow",
              "pass": true,
              "fail": false,
              "pending": false,
              "context": null,
              "code": "cy.VisitPage(this.env.hostMex + this.env.url5);\ncy.ContainsText(this.data.textWhatPayment);\ncy.ValidateExistCoupon(false);\ncy.ButtonClick(this.data.buttonContinue);",
              "err": {},
              "uuid": "26a8d33a-031b-4123-8446-3effa6eee054",
              "parentUUID": "0fdeba51-14cd-4d12-853d-f38186169455",
              "isHook": false,
              "skipped": false
            },
            {
              "title": "Shipping Address",
              "fullTitle": "TwelveMonths_Apply_NoCoupon_Partial_1 Shipping Address",
              "timedOut": null,
              "duration": 5056,
              "state": "failed",
              "speed": null,
              "pass": false,
              "fail": true,
              "pending": false,
              "context": null,
              "code": "cy.ContainsText(this.data.textWhereSend);\ncy.ShippingAddress(this.data.street, this.data.interiorNumber, this.data.zipCode, this.data.colony, this.data.state, this.data.city, this.data.reference);\ncy.ButtonClick(this.data.buttonContinue);",
              "err": {
                "message": "AssertionError: Timed out retrying: Expected to find content: '¿Dónde enviaremos tus moons cuando esten listos?' but never did.",
                "estack": "AssertionError: Timed out retrying: Expected to find content: '¿Dónde enviaremos tus moons cuando esten listos?' but never did.\n    at Context.eval (https://checkout-dev-e42c8.web.app/__cypress/tests?p=cypress/support/index.js:211:6)",
                "diff": null
              },
              "uuid": "c2fbec1a-2752-4b2e-9e18-54c0f1d2eb07",
              "parentUUID": "0fdeba51-14cd-4d12-853d-f38186169455",
              "isHook": false,
              "skipped": false
            },
            {
              "title": "Payment Method",
              "fullTitle": "TwelveMonths_Apply_NoCoupon_Partial_1 Payment Method",
              "timedOut": null,
              "duration": 5944,
              "state": "passed",
              "speed": "slow",
              "pass": true,
              "fail": false,
              "pending": false,
              "context": null,
              "code": "cy.ContainsText(this.data.textPaymentMeth);\ncy.PaymentMethod(this.data.cardName, this.data.cardIDMexicoMeses, this.data.month, this.data.year, this.data.cvc);",
              "err": {},
              "uuid": "b81e1c83-3ed5-423e-b788-56c63878065e",
              "parentUUID": "0fdeba51-14cd-4d12-853d-f38186169455",
              "isHook": false,
              "skipped": false
            },
            {
              "title": "TestToBackend",
              "fullTitle": "TwelveMonths_Apply_NoCoupon_Partial_1 TestToBackend",
              "timedOut": null,
              "duration": 10675,
              "state": "passed",
              "speed": "slow",
              "pass": true,
              "fail": false,
              "pending": false,
              "context": null,
              "code": "cy.ConvertNumber(this.data.TwelveMonths);\ncy.ButtonClick(this.data.buttonPayment);\ncy.wait(10000);",
              "err": {},
              "uuid": "0bacf739-407e-4e2d-9fd8-d27f1bfc92c0",
              "parentUUID": "0fdeba51-14cd-4d12-853d-f38186169455",
              "isHook": false,
              "skipped": false
            },
            {
              "title": "ValidateSuccessfulPayment",
              "fullTitle": "TwelveMonths_Apply_NoCoupon_Partial_1 ValidateSuccessfulPayment",
              "timedOut": null,
              "duration": 165,
              "state": "passed",
              "speed": "slow",
              "pass": true,
              "fail": false,
              "pending": false,
              "context": null,
              "code": "cy.ValidateCodeConfirmation(this.data.textSuccefulPayment);",
              "err": {},
              "uuid": "75315714-251d-4711-acb4-c4ea0ddc8bed",
              "parentUUID": "0fdeba51-14cd-4d12-853d-f38186169455",
              "isHook": false,
              "skipped": false
            }
          ],
          "suites": [],
          "passes": [
            "26a8d33a-031b-4123-8446-3effa6eee054",
            "b81e1c83-3ed5-423e-b788-56c63878065e",
            "0bacf739-407e-4e2d-9fd8-d27f1bfc92c0",
            "75315714-251d-4711-acb4-c4ea0ddc8bed"
          ],
          "failures": [
            "c2fbec1a-2752-4b2e-9e18-54c0f1d2eb07"
          ],
          "pending": [],
          "skipped": [],
          "duration": 32976,
          "root": false,
          "rootEmpty": false,
          "_timeout": 2000
        }
      ],
      "passes": [],
      "failures": [],
      "pending": [],
      "skipped": [],
      "duration": 0,
      "root": true,
      "rootEmpty": true,
      "_timeout": 2000
    }
  ],
  "meta": {
    "mocha": {
      "version": "7.0.1"
    },
    "mochawesome": {
      "options": {
        "quiet": false,
        "reportFilename": "mochawesome",
        "saveHtml": false,
        "saveJson": true,
        "consoleReporter": "spec",
        "useInlineDiffs": false,
        "code": true
      },
      "version": "6.1.1"
    },
    "marge": {
      "options": {
        "id": "default",
        "reportDir": "cypress/reports/mocha",
        "quite": true,
        "overwrite": false,
        "html": false,
        "json": true
      },
      "version": "5.1.0"
    }
  }
}