{
  "stats": {
    "suites": 1,
    "tests": 2,
    "passes": 2,
    "pending": 0,
    "failures": 0,
    "start": "2020-12-16T22:42:01.426Z",
    "end": "2020-12-16T22:42:19.648Z",
    "duration": 18222,
    "testsRegistered": 2,
    "passPercent": 100,
    "pendingPercent": 0,
    "other": 0,
    "hasOther": false,
    "skipped": 0,
    "hasSkipped": false
  },
  "results": [
    {
      "uuid": "46d3f120-cfc3-406d-9100-b8bcc87fd16a",
      "title": "",
      "fullFile": "cypress/integration/ErrorCase/casesError.spec.js",
      "file": "cypress/integration/ErrorCase/casesError.spec.js",
      "beforeHooks": [],
      "afterHooks": [],
      "tests": [],
      "suites": [
        {
          "uuid": "42cb65d9-7835-472c-8ecf-7354465e2792",
          "title": "search problems",
          "fullFile": "",
          "file": "",
          "beforeHooks": [],
          "afterHooks": [],
          "tests": [
            {
              "title": "Validate Blank Space",
              "fullTitle": "search problems Validate Blank Space",
              "timedOut": null,
              "duration": 9948,
              "state": "passed",
              "speed": "slow",
              "pass": true,
              "fail": false,
              "pending": false,
              "context": null,
              "code": "cy.VisitPage(this.env.hostMex + this.env.url1);\ncy.ButtonClick(this.data.buttonContinue);\ncy.ClearShippingA(); //BlankSpace in random input to validate \ncy.ShippingAddress(this.data.street, this.data.interiorNumber, this.data.blankSpace, //zipCode\nthis.data.colony, this.data.state, this.data.city, this.data.reference);\ncy.ButtonClick(this.data.buttonContinue);\ncy.ValitadeText(this.data.textRequired).wait(2000);",
              "err": {},
              "uuid": "c4034cf3-af7d-4be3-819d-ba88c14d9c35",
              "parentUUID": "42cb65d9-7835-472c-8ecf-7354465e2792",
              "isHook": false,
              "skipped": false
            },
            {
              "title": "Validate Two Digit Year",
              "fullTitle": "search problems Validate Two Digit Year",
              "timedOut": null,
              "duration": 6248,
              "state": "passed",
              "speed": "slow",
              "pass": true,
              "fail": false,
              "pending": false,
              "context": null,
              "code": "cy.VisitPage(this.env.hostMex + this.env.url1);\ncy.ButtonClick(this.data.buttonContinue);\ncy.ClearShippingA();\ncy.ShippingAddress(this.data.street, this.data.interiorNumber, this.data.zipCode, this.data.colony, this.data.state, this.data.city, this.data.reference);\ncy.ButtonClick(this.data.buttonContinue);\ncy.PaymentMethod(this.data.cardName, this.data.cardIDMexico, this.data.month, \"1\", this.data.cvc);\ncy.ButtonClick(this.data.buttonPayment);\ncy.ValitadeText(this.data.textYearVerify);",
              "err": {},
              "uuid": "b3f46537-7e37-496e-af1b-919637bf8fda",
              "parentUUID": "42cb65d9-7835-472c-8ecf-7354465e2792",
              "isHook": false,
              "skipped": false
            }
          ],
          "suites": [],
          "passes": [
            "c4034cf3-af7d-4be3-819d-ba88c14d9c35",
            "b3f46537-7e37-496e-af1b-919637bf8fda"
          ],
          "failures": [],
          "pending": [],
          "skipped": [],
          "duration": 16196,
          "root": false,
          "rootEmpty": false,
          "_timeout": 2000
        }
      ],
      "passes": [],
      "failures": [],
      "pending": [],
      "skipped": [],
      "duration": 0,
      "root": true,
      "rootEmpty": true,
      "_timeout": 2000
    }
  ],
  "meta": {
    "mocha": {
      "version": "7.0.1"
    },
    "mochawesome": {
      "options": {
        "quiet": false,
        "reportFilename": "mochawesome",
        "saveHtml": false,
        "saveJson": true,
        "consoleReporter": "spec",
        "useInlineDiffs": false,
        "code": true
      },
      "version": "6.1.1"
    },
    "marge": {
      "options": {
        "id": "default",
        "reportDir": "cypress/reports/mocha",
        "quite": true,
        "overwrite": false,
        "html": false,
        "json": true
      },
      "version": "5.1.0"
    }
  }
}