{
  "stats": {
    "suites": 1,
    "tests": 5,
    "passes": 2,
    "pending": 0,
    "failures": 3,
    "start": "2020-12-10T00:51:24.100Z",
    "end": "2020-12-10T00:51:44.271Z",
    "duration": 20171,
    "testsRegistered": 5,
    "passPercent": 40,
    "pendingPercent": 0,
    "other": 0,
    "hasOther": false,
    "skipped": 0,
    "hasSkipped": false
  },
  "results": [
    {
      "uuid": "83f52e05-1a70-4057-8571-b5a806027184",
      "title": "",
      "fullFile": "cypress/integration/NineMonthsApply/NineMonths_Apply_NoCoupon_NoPayment_1.js",
      "file": "cypress/integration/NineMonthsApply/NineMonths_Apply_NoCoupon_NoPayment_1.js",
      "beforeHooks": [],
      "afterHooks": [],
      "tests": [],
      "suites": [
        {
          "uuid": "5d4a459f-25da-49cd-8d0b-b6f5a6543513",
          "title": "Discount One Payment",
          "fullFile": "",
          "file": "",
          "beforeHooks": [],
          "afterHooks": [],
          "tests": [
            {
              "title": "Purchase Summary",
              "fullTitle": "Discount One Payment Purchase Summary",
              "timedOut": null,
              "duration": 3167,
              "state": "passed",
              "speed": "slow",
              "pass": true,
              "fail": false,
              "pending": false,
              "context": null,
              "code": "cy.VisitPage(this.env.hostMex + this.env.url5);\ncy.ContainsText(this.data.textWhatPayment);\ncy.ValidateExistCoupon(false);\ncy.ButtonClick(this.data.buttonContinue);",
              "err": {},
              "uuid": "d346dcb7-f61a-4378-bbaf-88b900c5d438",
              "parentUUID": "5d4a459f-25da-49cd-8d0b-b6f5a6543513",
              "isHook": false,
              "skipped": false
            },
            {
              "title": "Shipping Address",
              "fullTitle": "Discount One Payment Shipping Address",
              "timedOut": null,
              "duration": 4401,
              "state": "failed",
              "speed": null,
              "pass": false,
              "fail": true,
              "pending": false,
              "context": null,
              "code": "cy.ContainsText(this.data.textWhereSend);\ncy.ClearShippingA();\ncy.ShippingAddress(this.data.street, this.data.interiorNumber, this.data.zipCode, this.data.colony, this.data.state, this.data.city, this.data.reference);\ncy.ButtonClick(this.data.buttonContinue);",
              "err": {
                "message": "AssertionError: Timed out retrying: Expected to find content: '¿Dónde enviaremos tus moons cuando esten listos?' but never did.",
                "estack": "AssertionError: Timed out retrying: Expected to find content: '¿Dónde enviaremos tus moons cuando esten listos?' but never did.\n    at Context.eval (https://checkout-dev-e42c8.web.app/__cypress/tests?p=cypress/support/index.js:477:6)",
                "diff": null
              },
              "uuid": "67d5133c-5313-4fb9-8fdc-a90a97c09277",
              "parentUUID": "5d4a459f-25da-49cd-8d0b-b6f5a6543513",
              "isHook": false,
              "skipped": false
            },
            {
              "title": "Payment Method",
              "fullTitle": "Discount One Payment Payment Method",
              "timedOut": null,
              "duration": 1298,
              "state": "passed",
              "speed": "slow",
              "pass": true,
              "fail": false,
              "pending": false,
              "context": null,
              "code": "cy.ContainsText(this.data.textPaymentMeth);\ncy.PaymentMethod(this.data.cardName, this.data.cardIDMexicoMeses, this.data.month, this.data.year, this.data.cvc);",
              "err": {},
              "uuid": "cd6d24f3-8daa-4d3f-80c7-29f7174ba4c9",
              "parentUUID": "5d4a459f-25da-49cd-8d0b-b6f5a6543513",
              "isHook": false,
              "skipped": false
            },
            {
              "title": "TestToBackend",
              "fullTitle": "Discount One Payment TestToBackend",
              "timedOut": null,
              "duration": 4324,
              "state": "failed",
              "speed": null,
              "pass": false,
              "fail": true,
              "pending": false,
              "context": null,
              "code": "cy.ConvertNumber(this.data.NineMonths);\ncy.ButtonClick(this.data.buttonPayment);\ncy.wait(10000);",
              "err": {
                "message": "AssertionError: Timed out retrying: Expected to find element: `#installments-selector-two`, but never found it.",
                "estack": "AssertionError: Timed out retrying: Expected to find element: `#installments-selector-two`, but never found it.\n    at Context.eval (https://checkout-dev-e42c8.web.app/__cypress/tests?p=cypress/support/index.js:448:10)",
                "diff": null
              },
              "uuid": "5c28e8e1-a330-44a9-adcc-b6d7610b64c6",
              "parentUUID": "5d4a459f-25da-49cd-8d0b-b6f5a6543513",
              "isHook": false,
              "skipped": false
            },
            {
              "title": "ValidateSuccessfulPayment",
              "fullTitle": "Discount One Payment ValidateSuccessfulPayment",
              "timedOut": null,
              "duration": 4320,
              "state": "failed",
              "speed": null,
              "pass": false,
              "fail": true,
              "pending": false,
              "context": null,
              "code": "cy.ValidateCodeConfirmation(this.data.textSuccefulPayment);",
              "err": {
                "message": "AssertionError: Timed out retrying: Expected to find content: 'Código de confirmación' but never did.",
                "estack": "AssertionError: Timed out retrying: Expected to find content: 'Código de confirmación' but never did.\n    at Context.eval (https://checkout-dev-e42c8.web.app/__cypress/tests?p=cypress/support/index.js:510:6)",
                "diff": null
              },
              "uuid": "3c317ba5-5f9a-420f-8896-ecb28894260d",
              "parentUUID": "5d4a459f-25da-49cd-8d0b-b6f5a6543513",
              "isHook": false,
              "skipped": false
            }
          ],
          "suites": [],
          "passes": [
            "d346dcb7-f61a-4378-bbaf-88b900c5d438",
            "cd6d24f3-8daa-4d3f-80c7-29f7174ba4c9"
          ],
          "failures": [
            "67d5133c-5313-4fb9-8fdc-a90a97c09277",
            "5c28e8e1-a330-44a9-adcc-b6d7610b64c6",
            "3c317ba5-5f9a-420f-8896-ecb28894260d"
          ],
          "pending": [],
          "skipped": [],
          "duration": 17510,
          "root": false,
          "rootEmpty": false,
          "_timeout": 2000
        }
      ],
      "passes": [],
      "failures": [],
      "pending": [],
      "skipped": [],
      "duration": 0,
      "root": true,
      "rootEmpty": true,
      "_timeout": 2000
    }
  ],
  "meta": {
    "mocha": {
      "version": "7.0.1"
    },
    "mochawesome": {
      "options": {
        "quiet": false,
        "reportFilename": "mochawesome",
        "saveHtml": false,
        "saveJson": true,
        "consoleReporter": "spec",
        "useInlineDiffs": false,
        "code": true
      },
      "version": "6.1.1"
    },
    "marge": {
      "options": {
        "id": "default",
        "reportDir": "cypress/reports/mocha",
        "quite": true,
        "overwrite": false,
        "html": false,
        "json": true
      },
      "version": "5.1.0"
    }
  }
}