{
  "stats": {
    "suites": 1,
    "tests": 5,
    "passes": 4,
    "pending": 0,
    "failures": 1,
    "start": "2020-12-16T22:59:59.242Z",
    "end": "2020-12-16T23:00:21.890Z",
    "duration": 22648,
    "testsRegistered": 5,
    "passPercent": 80,
    "pendingPercent": 0,
    "other": 0,
    "hasOther": false,
    "skipped": 0,
    "hasSkipped": false
  },
  "results": [
    {
      "uuid": "37a8e981-47d4-4417-8dbc-2d5ff769b9d2",
      "title": "",
      "fullFile": "cypress/integration/ThreeMonthsApply/TreeMonths_Apply_NoCoupon_Partial_4.js",
      "file": "cypress/integration/ThreeMonthsApply/TreeMonths_Apply_NoCoupon_Partial_4.js",
      "beforeHooks": [],
      "afterHooks": [],
      "tests": [],
      "suites": [
        {
          "uuid": "73f8f3ef-7483-45ab-9104-6ce0fc09ce43",
          "title": "TreeMonths_Apply_NoCoupon_Partial_4",
          "fullFile": "",
          "file": "",
          "beforeHooks": [],
          "afterHooks": [],
          "tests": [
            {
              "title": "Purchase Summary",
              "fullTitle": "TreeMonths_Apply_NoCoupon_Partial_4 Purchase Summary",
              "timedOut": null,
              "duration": 3650,
              "state": "passed",
              "speed": "slow",
              "pass": true,
              "fail": false,
              "pending": false,
              "context": null,
              "code": "cy.VisitPage(this.env.hostMex + this.env.testAdvancePartial);\ncy.ContainsText(this.data.textWhatPayment);\ncy.ValidateExistCoupon(false);\ncy.ButtonClick(this.data.buttonContinue);",
              "err": {},
              "uuid": "88a009de-5cbf-4072-b693-50579cf5a04a",
              "parentUUID": "73f8f3ef-7483-45ab-9104-6ce0fc09ce43",
              "isHook": false,
              "skipped": false
            },
            {
              "title": "Shipping Address",
              "fullTitle": "TreeMonths_Apply_NoCoupon_Partial_4 Shipping Address",
              "timedOut": null,
              "duration": 4619,
              "state": "failed",
              "speed": null,
              "pass": false,
              "fail": true,
              "pending": false,
              "context": null,
              "code": "cy.ContainsText(this.data.textWhereSend);\ncy.ClearShippingA();\ncy.ShippingAddress(this.data.street, this.data.interiorNumber, this.data.zipCode, this.data.colony, this.data.state, this.data.city, this.data.reference);\ncy.ButtonClick(this.data.buttonContinue);",
              "err": {
                "message": "AssertionError: Timed out retrying: Expected to find content: '¿Dónde enviaremos tus moons cuando esten listos?' but never did.",
                "estack": "AssertionError: Timed out retrying: Expected to find content: '¿Dónde enviaremos tus moons cuando esten listos?' but never did.\n    at Context.eval (https://checkout-dev-e42c8.web.app/__cypress/tests?p=cypress/support/index.js:211:6)",
                "diff": null
              },
              "uuid": "8b72c3a7-ed5d-4d87-aed8-02c0a35bff70",
              "parentUUID": "73f8f3ef-7483-45ab-9104-6ce0fc09ce43",
              "isHook": false,
              "skipped": false
            },
            {
              "title": "Payment Method",
              "fullTitle": "TreeMonths_Apply_NoCoupon_Partial_4 Payment Method",
              "timedOut": null,
              "duration": 1645,
              "state": "passed",
              "speed": "slow",
              "pass": true,
              "fail": false,
              "pending": false,
              "context": null,
              "code": "cy.ContainsText(this.data.textPaymentMeth);\ncy.PaymentMethod(this.data.cardName, this.data.cardIDMexicoMeses, this.data.month, this.data.year, this.data.cvc);",
              "err": {},
              "uuid": "e9360726-7ad6-4408-8430-7470eb0742bc",
              "parentUUID": "73f8f3ef-7483-45ab-9104-6ce0fc09ce43",
              "isHook": false,
              "skipped": false
            },
            {
              "title": "TestToBackend",
              "fullTitle": "TreeMonths_Apply_NoCoupon_Partial_4 TestToBackend",
              "timedOut": null,
              "duration": 10406,
              "state": "passed",
              "speed": "slow",
              "pass": true,
              "fail": false,
              "pending": false,
              "context": null,
              "code": "cy.ConvertNumber(this.data.ThreeMonths);\ncy.ButtonClick(this.data.buttonPayment);\ncy.wait(10000);",
              "err": {},
              "uuid": "2ae09153-c464-4a5e-bf8f-2e4d842c5edc",
              "parentUUID": "73f8f3ef-7483-45ab-9104-6ce0fc09ce43",
              "isHook": false,
              "skipped": false
            },
            {
              "title": "ValidateSuccessfulPayment",
              "fullTitle": "TreeMonths_Apply_NoCoupon_Partial_4 ValidateSuccessfulPayment",
              "timedOut": null,
              "duration": 116,
              "state": "passed",
              "speed": "slow",
              "pass": true,
              "fail": false,
              "pending": false,
              "context": null,
              "code": "cy.ValidateCodeConfirmation(this.data.textSuccefulPayment);",
              "err": {},
              "uuid": "5a432dfc-c3af-41a9-8a15-e4fc8b25de60",
              "parentUUID": "73f8f3ef-7483-45ab-9104-6ce0fc09ce43",
              "isHook": false,
              "skipped": false
            }
          ],
          "suites": [],
          "passes": [
            "88a009de-5cbf-4072-b693-50579cf5a04a",
            "e9360726-7ad6-4408-8430-7470eb0742bc",
            "2ae09153-c464-4a5e-bf8f-2e4d842c5edc",
            "5a432dfc-c3af-41a9-8a15-e4fc8b25de60"
          ],
          "failures": [
            "8b72c3a7-ed5d-4d87-aed8-02c0a35bff70"
          ],
          "pending": [],
          "skipped": [],
          "duration": 20436,
          "root": false,
          "rootEmpty": false,
          "_timeout": 2000
        }
      ],
      "passes": [],
      "failures": [],
      "pending": [],
      "skipped": [],
      "duration": 0,
      "root": true,
      "rootEmpty": true,
      "_timeout": 2000
    }
  ],
  "meta": {
    "mocha": {
      "version": "7.0.1"
    },
    "mochawesome": {
      "options": {
        "quiet": false,
        "reportFilename": "mochawesome",
        "saveHtml": false,
        "saveJson": true,
        "consoleReporter": "spec",
        "useInlineDiffs": false,
        "code": true
      },
      "version": "6.1.1"
    },
    "marge": {
      "options": {
        "id": "default",
        "reportDir": "cypress/reports/mocha",
        "quite": true,
        "overwrite": false,
        "html": false,
        "json": true
      },
      "version": "5.1.0"
    }
  }
}