{
  "stats": {
    "suites": 1,
    "tests": 5,
    "passes": 4,
    "pending": 0,
    "failures": 1,
    "start": "2020-12-16T22:51:39.866Z",
    "end": "2020-12-16T22:52:01.306Z",
    "duration": 21440,
    "testsRegistered": 5,
    "passPercent": 80,
    "pendingPercent": 0,
    "other": 0,
    "hasOther": false,
    "skipped": 0,
    "hasSkipped": false
  },
  "results": [
    {
      "uuid": "66beca29-a556-4b3e-87e5-4d0bf4b1c784",
      "title": "",
      "fullFile": "cypress/integration/NoMonthsDiscountOnePayment/test4.spec.js",
      "file": "cypress/integration/NoMonthsDiscountOnePayment/test4.spec.js",
      "beforeHooks": [],
      "afterHooks": [],
      "tests": [],
      "suites": [
        {
          "uuid": "c1c7a553-36d7-4a1c-b38d-80be43933b6a",
          "title": "Loading Page Url4",
          "fullFile": "",
          "file": "",
          "beforeHooks": [],
          "afterHooks": [],
          "tests": [
            {
              "title": "successfully loads",
              "fullTitle": "Loading Page Url4 successfully loads",
              "timedOut": null,
              "duration": 3001,
              "state": "passed",
              "speed": "slow",
              "pass": true,
              "fail": false,
              "pending": false,
              "context": null,
              "code": "cy.VisitPage(this.env.hostMex + this.env.url4);\ncy.ContainsText(this.data.textWhatPayment);\ncy.ValidateExistCoupon(false);\ncy.ButtonClick(this.data.buttonContinue);",
              "err": {},
              "uuid": "4d465faf-653b-4cc0-8c44-365046e09b61",
              "parentUUID": "c1c7a553-36d7-4a1c-b38d-80be43933b6a",
              "isHook": false,
              "skipped": false
            },
            {
              "title": "Shipping Address",
              "fullTitle": "Loading Page Url4 Shipping Address",
              "timedOut": null,
              "duration": 4565,
              "state": "failed",
              "speed": null,
              "pass": false,
              "fail": true,
              "pending": false,
              "context": null,
              "code": "cy.ContainsText(this.data.textWhereSend);\ncy.ShippingAddress(this.data.street, this.data.interiorNumber, this.data.zipCode, this.data.colony, this.data.state, this.data.city, this.data.reference);\ncy.ButtonClick(this.data.buttonContinue);",
              "err": {
                "message": "AssertionError: Timed out retrying: Expected to find content: '¿Dónde enviaremos tus moons cuando esten listos?' but never did.",
                "estack": "AssertionError: Timed out retrying: Expected to find content: '¿Dónde enviaremos tus moons cuando esten listos?' but never did.\n    at Context.eval (https://checkout-dev-e42c8.web.app/__cypress/tests?p=cypress/support/index.js:211:6)",
                "diff": null
              },
              "uuid": "0e9d3249-3823-4f46-8c4f-fbf55f630847",
              "parentUUID": "c1c7a553-36d7-4a1c-b38d-80be43933b6a",
              "isHook": false,
              "skipped": false
            },
            {
              "title": "Payment Method",
              "fullTitle": "Loading Page Url4 Payment Method",
              "timedOut": null,
              "duration": 1603,
              "state": "passed",
              "speed": "slow",
              "pass": true,
              "fail": false,
              "pending": false,
              "context": null,
              "code": "cy.ContainsText(this.data.textPaymentMeth);\ncy.PaymentMethod(this.data.cardName, this.data.cardIDMexico, this.data.month, this.data.year, this.data.cvc);",
              "err": {},
              "uuid": "57569c40-d88b-4878-9008-0cf79412ba2b",
              "parentUUID": "c1c7a553-36d7-4a1c-b38d-80be43933b6a",
              "isHook": false,
              "skipped": false
            },
            {
              "title": "TestToBackend",
              "fullTitle": "Loading Page Url4 TestToBackend",
              "timedOut": null,
              "duration": 10496,
              "state": "passed",
              "speed": "slow",
              "pass": true,
              "fail": false,
              "pending": false,
              "context": null,
              "code": "cy.ValitadeMSI(this.data.NoMounths);\ncy.ButtonClick(this.data.buttonPayment);\ncy.wait(10000);",
              "err": {},
              "uuid": "c15f4e75-2644-498f-89a7-7d21ba8d87cd",
              "parentUUID": "c1c7a553-36d7-4a1c-b38d-80be43933b6a",
              "isHook": false,
              "skipped": false
            },
            {
              "title": "ValidateSuccessfulPayment",
              "fullTitle": "Loading Page Url4 ValidateSuccessfulPayment",
              "timedOut": null,
              "duration": 87,
              "state": "passed",
              "speed": "slow",
              "pass": true,
              "fail": false,
              "pending": false,
              "context": null,
              "code": "cy.ValidateCodeConfirmation(this.data.textSuccefulPayment);",
              "err": {},
              "uuid": "c762c53e-6db7-44fe-ad82-22e743ff0471",
              "parentUUID": "c1c7a553-36d7-4a1c-b38d-80be43933b6a",
              "isHook": false,
              "skipped": false
            }
          ],
          "suites": [],
          "passes": [
            "4d465faf-653b-4cc0-8c44-365046e09b61",
            "57569c40-d88b-4878-9008-0cf79412ba2b",
            "c15f4e75-2644-498f-89a7-7d21ba8d87cd",
            "c762c53e-6db7-44fe-ad82-22e743ff0471"
          ],
          "failures": [
            "0e9d3249-3823-4f46-8c4f-fbf55f630847"
          ],
          "pending": [],
          "skipped": [],
          "duration": 19752,
          "root": false,
          "rootEmpty": false,
          "_timeout": 2000
        }
      ],
      "passes": [],
      "failures": [],
      "pending": [],
      "skipped": [],
      "duration": 0,
      "root": true,
      "rootEmpty": true,
      "_timeout": 2000
    }
  ],
  "meta": {
    "mocha": {
      "version": "7.0.1"
    },
    "mochawesome": {
      "options": {
        "quiet": false,
        "reportFilename": "mochawesome",
        "saveHtml": false,
        "saveJson": true,
        "consoleReporter": "spec",
        "useInlineDiffs": false,
        "code": true
      },
      "version": "6.1.1"
    },
    "marge": {
      "options": {
        "id": "default",
        "reportDir": "cypress/reports/mocha",
        "quite": true,
        "overwrite": false,
        "html": false,
        "json": true
      },
      "version": "5.1.0"
    }
  }
}