{
  "stats": {
    "suites": 1,
    "tests": 5,
    "passes": 5,
    "pending": 0,
    "failures": 0,
    "start": "2020-12-16T22:45:48.506Z",
    "end": "2020-12-16T22:46:42.901Z",
    "duration": 54395,
    "testsRegistered": 5,
    "passPercent": 100,
    "pendingPercent": 0,
    "other": 0,
    "hasOther": false,
    "skipped": 0,
    "hasSkipped": false
  },
  "results": [
    {
      "uuid": "b8bda4ef-2f4a-4afa-a444-494caf2ece79",
      "title": "",
      "fullFile": "cypress/integration/NineMonthsDiscount/NineMonths_Discount_NoCoupon_NoPayment_4.js",
      "file": "cypress/integration/NineMonthsDiscount/NineMonths_Discount_NoCoupon_NoPayment_4.js",
      "beforeHooks": [],
      "afterHooks": [],
      "tests": [],
      "suites": [
        {
          "uuid": "da225484-0f9a-4db3-b7cf-064a11bc5c50",
          "title": "NineMonths_Discount_NoCoupon_NoPayment_4",
          "fullFile": "",
          "file": "",
          "beforeHooks": [],
          "afterHooks": [],
          "tests": [
            {
              "title": "Purchase Summary",
              "fullTitle": "NineMonths_Discount_NoCoupon_NoPayment_4 Purchase Summary",
              "timedOut": null,
              "duration": 20049,
              "state": "passed",
              "speed": "slow",
              "pass": true,
              "fail": false,
              "pending": false,
              "context": null,
              "code": "cy.VisitPage(this.env.hostMex + this.env.PriceLowerNAnticipo);\ncy.ContainsText(this.data.textWhatPayment);\ncy.ValidateExistCoupon(false);\ncy.ButtonClick(this.data.buttonContinue);",
              "err": {},
              "uuid": "50ed1c9e-8bf9-4724-8e9c-e671a4bf2023",
              "parentUUID": "da225484-0f9a-4db3-b7cf-064a11bc5c50",
              "isHook": false,
              "skipped": false
            },
            {
              "title": "Shipping Address",
              "fullTitle": "NineMonths_Discount_NoCoupon_NoPayment_4 Shipping Address",
              "timedOut": null,
              "duration": 11801,
              "state": "passed",
              "speed": "slow",
              "pass": true,
              "fail": false,
              "pending": false,
              "context": null,
              "code": "cy.ContainsText(this.data.textWhereSend);\ncy.ClearShippingA();\ncy.ShippingAddress(this.data.street, this.data.interiorNumber, this.data.zipCode, this.data.colony, this.data.state, this.data.city, this.data.reference);\ncy.ButtonClick(this.data.buttonContinue);",
              "err": {},
              "uuid": "83e28b5d-7b35-41e2-8ea3-2e6949f10632",
              "parentUUID": "da225484-0f9a-4db3-b7cf-064a11bc5c50",
              "isHook": false,
              "skipped": false
            },
            {
              "title": "Payment Method",
              "fullTitle": "NineMonths_Discount_NoCoupon_NoPayment_4 Payment Method",
              "timedOut": null,
              "duration": 5021,
              "state": "passed",
              "speed": "slow",
              "pass": true,
              "fail": false,
              "pending": false,
              "context": null,
              "code": "cy.ContainsText(this.data.textPaymentMeth);\ncy.PaymentMethod(this.data.cardName, this.data.cardIDMexicoMeses, this.data.month, this.data.year, this.data.cvc);",
              "err": {},
              "uuid": "594a3ae4-30f7-4804-8526-24f3fd807355",
              "parentUUID": "da225484-0f9a-4db3-b7cf-064a11bc5c50",
              "isHook": false,
              "skipped": false
            },
            {
              "title": "TestToBackend",
              "fullTitle": "NineMonths_Discount_NoCoupon_NoPayment_4 TestToBackend",
              "timedOut": null,
              "duration": 11093,
              "state": "passed",
              "speed": "slow",
              "pass": true,
              "fail": false,
              "pending": false,
              "context": null,
              "code": "cy.ValitadeMSI(this.data.NineMonths);\ncy.ButtonClick(this.data.buttonPayment);\ncy.wait(10000);",
              "err": {},
              "uuid": "c6358c33-48da-4a5b-901c-bd95c609670a",
              "parentUUID": "da225484-0f9a-4db3-b7cf-064a11bc5c50",
              "isHook": false,
              "skipped": false
            },
            {
              "title": "ValidateSuccessfulPayment",
              "fullTitle": "NineMonths_Discount_NoCoupon_NoPayment_4 ValidateSuccessfulPayment",
              "timedOut": null,
              "duration": 268,
              "state": "passed",
              "speed": "slow",
              "pass": true,
              "fail": false,
              "pending": false,
              "context": null,
              "code": "cy.ValidateCodeConfirmation(this.data.textSuccefulPayment);",
              "err": {},
              "uuid": "fa44157d-dc4d-4242-b6fa-d3a353c6e148",
              "parentUUID": "da225484-0f9a-4db3-b7cf-064a11bc5c50",
              "isHook": false,
              "skipped": false
            }
          ],
          "suites": [],
          "passes": [
            "50ed1c9e-8bf9-4724-8e9c-e671a4bf2023",
            "83e28b5d-7b35-41e2-8ea3-2e6949f10632",
            "594a3ae4-30f7-4804-8526-24f3fd807355",
            "c6358c33-48da-4a5b-901c-bd95c609670a",
            "fa44157d-dc4d-4242-b6fa-d3a353c6e148"
          ],
          "failures": [],
          "pending": [],
          "skipped": [],
          "duration": 48232,
          "root": false,
          "rootEmpty": false,
          "_timeout": 2000
        }
      ],
      "passes": [],
      "failures": [],
      "pending": [],
      "skipped": [],
      "duration": 0,
      "root": true,
      "rootEmpty": true,
      "_timeout": 2000
    }
  ],
  "meta": {
    "mocha": {
      "version": "7.0.1"
    },
    "mochawesome": {
      "options": {
        "quiet": false,
        "reportFilename": "mochawesome",
        "saveHtml": false,
        "saveJson": true,
        "consoleReporter": "spec",
        "useInlineDiffs": false,
        "code": true
      },
      "version": "6.1.1"
    },
    "marge": {
      "options": {
        "id": "default",
        "reportDir": "cypress/reports/mocha",
        "quite": true,
        "overwrite": false,
        "html": false,
        "json": true
      },
      "version": "5.1.0"
    }
  }
}