{
  "stats": {
    "suites": 1,
    "tests": 4,
    "passes": 4,
    "pending": 0,
    "failures": 0,
    "start": "2020-12-10T01:18:58.173Z",
    "end": "2020-12-10T01:19:15.208Z",
    "duration": 17035,
    "testsRegistered": 4,
    "passPercent": 100,
    "pendingPercent": 0,
    "other": 0,
    "hasOther": false,
    "skipped": 0,
    "hasSkipped": false
  },
  "results": [
    {
      "uuid": "d56759f6-2578-4fe5-af31-d628242eec1a",
      "title": "",
      "fullFile": "cypress/integration/ThreeMonthsApply/TreeMonths_Apply_NoCoupon_Partial_1.js",
      "file": "cypress/integration/ThreeMonthsApply/TreeMonths_Apply_NoCoupon_Partial_1.js",
      "beforeHooks": [],
      "afterHooks": [],
      "tests": [],
      "suites": [
        {
          "uuid": "48dec44d-68d0-4479-99a0-ee886d846378",
          "title": "Apply To Price",
          "fullFile": "",
          "file": "",
          "beforeHooks": [],
          "afterHooks": [],
          "tests": [
            {
              "title": "Purchase Summary",
              "fullTitle": "Apply To Price Purchase Summary",
              "timedOut": null,
              "duration": 2863,
              "state": "passed",
              "speed": "slow",
              "pass": true,
              "fail": false,
              "pending": false,
              "context": null,
              "code": "cy.VisitPage(this.env.hostMex + \"testAdvanceGreater/ja6b563cac82\");\ncy.ContainsText(this.data.textWhatPayment);\ncy.ValidateExistCoupon(false);\ncy.ButtonClick(this.data.buttonContinue);",
              "err": {},
              "uuid": "94f87e7f-78a7-4376-9af0-452511846d07",
              "parentUUID": "48dec44d-68d0-4479-99a0-ee886d846378",
              "isHook": false,
              "skipped": false
            },
            {
              "title": "Payment Method",
              "fullTitle": "Apply To Price Payment Method",
              "timedOut": null,
              "duration": 1364,
              "state": "passed",
              "speed": "slow",
              "pass": true,
              "fail": false,
              "pending": false,
              "context": null,
              "code": "cy.ContainsText(this.data.textPaymentMeth);\ncy.PaymentMethod(this.data.cardName, this.data.cardIDMexicoMeses, this.data.month, this.data.year, this.data.cvc);",
              "err": {},
              "uuid": "6a05a2d5-2fe9-47b3-835e-8472465c81ef",
              "parentUUID": "48dec44d-68d0-4479-99a0-ee886d846378",
              "isHook": false,
              "skipped": false
            },
            {
              "title": "TestToBackend",
              "fullTitle": "Apply To Price TestToBackend",
              "timedOut": null,
              "duration": 10321,
              "state": "passed",
              "speed": "slow",
              "pass": true,
              "fail": false,
              "pending": false,
              "context": null,
              "code": "cy.ConvertNumber(this.data.ThreeMonths);\ncy.ButtonClick(this.data.buttonPayment);\ncy.wait(10000);",
              "err": {},
              "uuid": "a0e47ec3-ce2e-4c45-a4ea-58c079cee5cf",
              "parentUUID": "48dec44d-68d0-4479-99a0-ee886d846378",
              "isHook": false,
              "skipped": false
            },
            {
              "title": "ValidateSuccessfulPayment",
              "fullTitle": "Apply To Price ValidateSuccessfulPayment",
              "timedOut": null,
              "duration": 40,
              "state": "passed",
              "speed": "medium",
              "pass": true,
              "fail": false,
              "pending": false,
              "context": null,
              "code": "cy.ValidateCodeConfirmation(this.data.textSuccefulPayment);",
              "err": {},
              "uuid": "2e667ce2-ed7e-4123-9f6e-fc07298d3184",
              "parentUUID": "48dec44d-68d0-4479-99a0-ee886d846378",
              "isHook": false,
              "skipped": false
            }
          ],
          "suites": [],
          "passes": [
            "94f87e7f-78a7-4376-9af0-452511846d07",
            "6a05a2d5-2fe9-47b3-835e-8472465c81ef",
            "a0e47ec3-ce2e-4c45-a4ea-58c079cee5cf",
            "2e667ce2-ed7e-4123-9f6e-fc07298d3184"
          ],
          "failures": [],
          "pending": [],
          "skipped": [],
          "duration": 14588,
          "root": false,
          "rootEmpty": false,
          "_timeout": 2000
        }
      ],
      "passes": [],
      "failures": [],
      "pending": [],
      "skipped": [],
      "duration": 0,
      "root": true,
      "rootEmpty": true,
      "_timeout": 2000
    }
  ],
  "meta": {
    "mocha": {
      "version": "7.0.1"
    },
    "mochawesome": {
      "options": {
        "quiet": false,
        "reportFilename": "mochawesome",
        "saveHtml": false,
        "saveJson": true,
        "consoleReporter": "spec",
        "useInlineDiffs": false,
        "code": true
      },
      "version": "6.1.1"
    },
    "marge": {
      "options": {
        "id": "default",
        "reportDir": "cypress/reports/mocha",
        "quite": true,
        "overwrite": false,
        "html": false,
        "json": true
      },
      "version": "5.1.0"
    }
  }
}