{
  "stats": {
    "suites": 1,
    "tests": 5,
    "passes": 5,
    "pending": 0,
    "failures": 0,
    "start": "2020-12-16T22:55:43.974Z",
    "end": "2020-12-16T22:56:06.169Z",
    "duration": 22195,
    "testsRegistered": 5,
    "passPercent": 100,
    "pendingPercent": 0,
    "other": 0,
    "hasOther": false,
    "skipped": 0,
    "hasSkipped": false
  },
  "results": [
    {
      "uuid": "a1c9217d-33f4-492a-8330-1fe899fe6bf5",
      "title": "",
      "fullFile": "cypress/integration/SixMonthsDiscount/SixMonths_Discount_NoCoupon_NoPayment_2.js",
      "file": "cypress/integration/SixMonthsDiscount/SixMonths_Discount_NoCoupon_NoPayment_2.js",
      "beforeHooks": [],
      "afterHooks": [],
      "tests": [],
      "suites": [
        {
          "uuid": "95add6b1-a219-497e-81ff-c53a07894ca0",
          "title": "SixMonths_Discount_NoCoupon_NoPayment_2",
          "fullFile": "",
          "file": "",
          "beforeHooks": [],
          "afterHooks": [],
          "tests": [
            {
              "title": "Purchase Summary",
              "fullTitle": "SixMonths_Discount_NoCoupon_NoPayment_2 Purchase Summary",
              "timedOut": null,
              "duration": 3687,
              "state": "passed",
              "speed": "slow",
              "pass": true,
              "fail": false,
              "pending": false,
              "context": null,
              "code": "cy.VisitPage(this.env.hostMex + this.env.PriceGreater);\ncy.ContainsText(this.data.textWhatPayment);\ncy.ValidateExistCoupon(false);\ncy.ButtonClick(this.data.buttonContinue);",
              "err": {},
              "uuid": "139943ec-9934-4fe1-87f9-801c54fedda3",
              "parentUUID": "95add6b1-a219-497e-81ff-c53a07894ca0",
              "isHook": false,
              "skipped": false
            },
            {
              "title": "Shipping Address",
              "fullTitle": "SixMonths_Discount_NoCoupon_NoPayment_2 Shipping Address",
              "timedOut": null,
              "duration": 4557,
              "state": "passed",
              "speed": "slow",
              "pass": true,
              "fail": false,
              "pending": false,
              "context": null,
              "code": "cy.ContainsText(this.data.textWhereSend);\ncy.ClearShippingA();\ncy.ShippingAddress(this.data.street, this.data.interiorNumber, this.data.zipCode, this.data.colony, this.data.state, this.data.city, this.data.reference);\ncy.ButtonClick(this.data.buttonContinue);",
              "err": {},
              "uuid": "54d1f05c-8240-4bb9-b4ca-298355bd0302",
              "parentUUID": "95add6b1-a219-497e-81ff-c53a07894ca0",
              "isHook": false,
              "skipped": false
            },
            {
              "title": "Payment Method",
              "fullTitle": "SixMonths_Discount_NoCoupon_NoPayment_2 Payment Method",
              "timedOut": null,
              "duration": 1553,
              "state": "passed",
              "speed": "slow",
              "pass": true,
              "fail": false,
              "pending": false,
              "context": null,
              "code": "cy.ContainsText(this.data.textPaymentMeth);\ncy.PaymentMethod(this.data.cardName, this.data.cardIDMexicoMeses, this.data.month, this.data.year, this.data.cvc);",
              "err": {},
              "uuid": "75411bc7-704e-44ae-9ca7-953381f35531",
              "parentUUID": "95add6b1-a219-497e-81ff-c53a07894ca0",
              "isHook": false,
              "skipped": false
            },
            {
              "title": "TestToBackend",
              "fullTitle": "SixMonths_Discount_NoCoupon_NoPayment_2 TestToBackend",
              "timedOut": null,
              "duration": 10393,
              "state": "passed",
              "speed": "slow",
              "pass": true,
              "fail": false,
              "pending": false,
              "context": null,
              "code": "cy.ValitadeMSI(this.data.NineMonths);\ncy.ButtonClick(this.data.buttonPayment);\ncy.wait(10000);",
              "err": {},
              "uuid": "7123e8c1-3ed3-4d46-99d5-31a60a3576ff",
              "parentUUID": "95add6b1-a219-497e-81ff-c53a07894ca0",
              "isHook": false,
              "skipped": false
            },
            {
              "title": "ValidateSuccessfulPayment",
              "fullTitle": "SixMonths_Discount_NoCoupon_NoPayment_2 ValidateSuccessfulPayment",
              "timedOut": null,
              "duration": 65,
              "state": "passed",
              "speed": "medium",
              "pass": true,
              "fail": false,
              "pending": false,
              "context": null,
              "code": "cy.ValidateCodeConfirmation(this.data.textSuccefulPayment);",
              "err": {},
              "uuid": "a39a1be5-e727-426f-9486-e52e4a2680bd",
              "parentUUID": "95add6b1-a219-497e-81ff-c53a07894ca0",
              "isHook": false,
              "skipped": false
            }
          ],
          "suites": [],
          "passes": [
            "139943ec-9934-4fe1-87f9-801c54fedda3",
            "54d1f05c-8240-4bb9-b4ca-298355bd0302",
            "75411bc7-704e-44ae-9ca7-953381f35531",
            "7123e8c1-3ed3-4d46-99d5-31a60a3576ff",
            "a39a1be5-e727-426f-9486-e52e4a2680bd"
          ],
          "failures": [],
          "pending": [],
          "skipped": [],
          "duration": 20255,
          "root": false,
          "rootEmpty": false,
          "_timeout": 2000
        }
      ],
      "passes": [],
      "failures": [],
      "pending": [],
      "skipped": [],
      "duration": 0,
      "root": true,
      "rootEmpty": true,
      "_timeout": 2000
    }
  ],
  "meta": {
    "mocha": {
      "version": "7.0.1"
    },
    "mochawesome": {
      "options": {
        "quiet": false,
        "reportFilename": "mochawesome",
        "saveHtml": false,
        "saveJson": true,
        "consoleReporter": "spec",
        "useInlineDiffs": false,
        "code": true
      },
      "version": "6.1.1"
    },
    "marge": {
      "options": {
        "id": "default",
        "reportDir": "cypress/reports/mocha",
        "quite": true,
        "overwrite": false,
        "html": false,
        "json": true
      },
      "version": "5.1.0"
    }
  }
}