{
  "stats": {
    "suites": 1,
    "tests": 5,
    "passes": 5,
    "pending": 0,
    "failures": 0,
    "start": "2020-12-16T22:56:14.961Z",
    "end": "2020-12-16T22:56:37.931Z",
    "duration": 22970,
    "testsRegistered": 5,
    "passPercent": 100,
    "pendingPercent": 0,
    "other": 0,
    "hasOther": false,
    "skipped": 0,
    "hasSkipped": false
  },
  "results": [
    {
      "uuid": "52156c29-730a-4743-a2d3-e6e0ea0a1407",
      "title": "",
      "fullFile": "cypress/integration/SixMonthsDiscount/SixMonths_Discount_NoCoupon_NoPayment_3.js",
      "file": "cypress/integration/SixMonthsDiscount/SixMonths_Discount_NoCoupon_NoPayment_3.js",
      "beforeHooks": [],
      "afterHooks": [],
      "tests": [],
      "suites": [
        {
          "uuid": "70cc804e-27e6-4cad-8b40-e24e15eebbd9",
          "title": "SixMonths_Discount_NoCoupon_NoPayment_3",
          "fullFile": "",
          "file": "",
          "beforeHooks": [],
          "afterHooks": [],
          "tests": [
            {
              "title": "Purchase Summary",
              "fullTitle": "SixMonths_Discount_NoCoupon_NoPayment_3 Purchase Summary",
              "timedOut": null,
              "duration": 4101,
              "state": "passed",
              "speed": "slow",
              "pass": true,
              "fail": false,
              "pending": false,
              "context": null,
              "code": "cy.VisitPage(this.env.hostMex + this.env.PriceGreater);\ncy.ContainsText(this.data.textWhatPayment);\ncy.ValidateExistCoupon(false);\ncy.ButtonClick(this.data.buttonContinue);",
              "err": {},
              "uuid": "1e91978b-25b2-4443-b93c-1897aca1f544",
              "parentUUID": "70cc804e-27e6-4cad-8b40-e24e15eebbd9",
              "isHook": false,
              "skipped": false
            },
            {
              "title": "Shipping Address",
              "fullTitle": "SixMonths_Discount_NoCoupon_NoPayment_3 Shipping Address",
              "timedOut": null,
              "duration": 4766,
              "state": "passed",
              "speed": "slow",
              "pass": true,
              "fail": false,
              "pending": false,
              "context": null,
              "code": "cy.ContainsText(this.data.textWhereSend);\ncy.ClearShippingA();\ncy.ShippingAddress(this.data.street, this.data.interiorNumber, this.data.zipCode, this.data.colony, this.data.state, this.data.city, this.data.reference);\ncy.ButtonClick(this.data.buttonContinue);",
              "err": {},
              "uuid": "b32591cb-1381-444a-829c-8b7fbd296706",
              "parentUUID": "70cc804e-27e6-4cad-8b40-e24e15eebbd9",
              "isHook": false,
              "skipped": false
            },
            {
              "title": "Payment Method",
              "fullTitle": "SixMonths_Discount_NoCoupon_NoPayment_3 Payment Method",
              "timedOut": null,
              "duration": 1605,
              "state": "passed",
              "speed": "slow",
              "pass": true,
              "fail": false,
              "pending": false,
              "context": null,
              "code": "cy.ContainsText(this.data.textPaymentMeth);\ncy.PaymentMethod(this.data.cardName, this.data.cardIDMexicoMeses, this.data.month, this.data.year, this.data.cvc);",
              "err": {},
              "uuid": "afb19743-7170-4bcb-9c57-5c59dd32f884",
              "parentUUID": "70cc804e-27e6-4cad-8b40-e24e15eebbd9",
              "isHook": false,
              "skipped": false
            },
            {
              "title": "TestToBackend",
              "fullTitle": "SixMonths_Discount_NoCoupon_NoPayment_3 TestToBackend",
              "timedOut": null,
              "duration": 10395,
              "state": "passed",
              "speed": "slow",
              "pass": true,
              "fail": false,
              "pending": false,
              "context": null,
              "code": "cy.ValitadeMSI(this.data.NineMonths);\ncy.ButtonClick(this.data.buttonPayment);\ncy.wait(10000);",
              "err": {},
              "uuid": "3282c585-f7cc-4899-9e94-3fe5cd68bcf0",
              "parentUUID": "70cc804e-27e6-4cad-8b40-e24e15eebbd9",
              "isHook": false,
              "skipped": false
            },
            {
              "title": "ValidateSuccessfulPayment",
              "fullTitle": "SixMonths_Discount_NoCoupon_NoPayment_3 ValidateSuccessfulPayment",
              "timedOut": null,
              "duration": 98,
              "state": "passed",
              "speed": "slow",
              "pass": true,
              "fail": false,
              "pending": false,
              "context": null,
              "code": "cy.ValidateCodeConfirmation(this.data.textSuccefulPayment);",
              "err": {},
              "uuid": "bb6e16db-8da1-46fe-b887-76ad486a4a91",
              "parentUUID": "70cc804e-27e6-4cad-8b40-e24e15eebbd9",
              "isHook": false,
              "skipped": false
            }
          ],
          "suites": [],
          "passes": [
            "1e91978b-25b2-4443-b93c-1897aca1f544",
            "b32591cb-1381-444a-829c-8b7fbd296706",
            "afb19743-7170-4bcb-9c57-5c59dd32f884",
            "3282c585-f7cc-4899-9e94-3fe5cd68bcf0",
            "bb6e16db-8da1-46fe-b887-76ad486a4a91"
          ],
          "failures": [],
          "pending": [],
          "skipped": [],
          "duration": 20965,
          "root": false,
          "rootEmpty": false,
          "_timeout": 2000
        }
      ],
      "passes": [],
      "failures": [],
      "pending": [],
      "skipped": [],
      "duration": 0,
      "root": true,
      "rootEmpty": true,
      "_timeout": 2000
    }
  ],
  "meta": {
    "mocha": {
      "version": "7.0.1"
    },
    "mochawesome": {
      "options": {
        "quiet": false,
        "reportFilename": "mochawesome",
        "saveHtml": false,
        "saveJson": true,
        "consoleReporter": "spec",
        "useInlineDiffs": false,
        "code": true
      },
      "version": "6.1.1"
    },
    "marge": {
      "options": {
        "id": "default",
        "reportDir": "cypress/reports/mocha",
        "quite": true,
        "overwrite": false,
        "html": false,
        "json": true
      },
      "version": "5.1.0"
    }
  }
}