{
  "stats": {
    "suites": 1,
    "tests": 5,
    "passes": 5,
    "pending": 0,
    "failures": 0,
    "start": "2020-12-10T19:28:02.088Z",
    "end": "2020-12-10T19:28:22.634Z",
    "duration": 20546,
    "testsRegistered": 5,
    "passPercent": 100,
    "pendingPercent": 0,
    "other": 0,
    "hasOther": false,
    "skipped": 0,
    "hasSkipped": false
  },
  "results": [
    {
      "uuid": "d8b07a20-c07d-4638-9ded-361421535a95",
      "title": "",
      "fullFile": "cypress/integration/SixMonthsDiscount/SixMonths_Discount_NoCoupon_NoPayment_1.js",
      "file": "cypress/integration/SixMonthsDiscount/SixMonths_Discount_NoCoupon_NoPayment_1.js",
      "beforeHooks": [],
      "afterHooks": [],
      "tests": [],
      "suites": [
        {
          "uuid": "c62cc5a9-e926-4047-b87c-76c2a6a8fd4e",
          "title": "Loading Page Url1",
          "fullFile": "",
          "file": "",
          "beforeHooks": [],
          "afterHooks": [],
          "tests": [
            {
              "title": "Purchase Summary",
              "fullTitle": "Loading Page Url1 Purchase Summary",
              "timedOut": null,
              "duration": 2947,
              "state": "passed",
              "speed": "slow",
              "pass": true,
              "fail": false,
              "pending": false,
              "context": null,
              "code": "cy.VisitPage(this.env.hostMex + this.env.AdvanceGreaterNAnticipo);\ncy.ContainsText(this.data.textWhatPayment);\ncy.ValidateExistCoupon(false);\ncy.ButtonClick(this.data.buttonContinue);",
              "err": {},
              "uuid": "f3c267b0-4a40-4240-bca2-43836697ddf3",
              "parentUUID": "c62cc5a9-e926-4047-b87c-76c2a6a8fd4e",
              "isHook": false,
              "skipped": false
            },
            {
              "title": "Shipping Address",
              "fullTitle": "Loading Page Url1 Shipping Address",
              "timedOut": null,
              "duration": 3609,
              "state": "passed",
              "speed": "slow",
              "pass": true,
              "fail": false,
              "pending": false,
              "context": null,
              "code": "cy.ContainsText(this.data.textWhereSend);\ncy.ClearShippingA();\ncy.ShippingAddress(this.data.street, this.data.interiorNumber, this.data.zipCode, this.data.colony, this.data.state, this.data.city, this.data.reference);\ncy.ButtonClick(this.data.buttonContinue);",
              "err": {},
              "uuid": "f0abe24b-6779-4b97-ab04-38df8b132db8",
              "parentUUID": "c62cc5a9-e926-4047-b87c-76c2a6a8fd4e",
              "isHook": false,
              "skipped": false
            },
            {
              "title": "Payment Method",
              "fullTitle": "Loading Page Url1 Payment Method",
              "timedOut": null,
              "duration": 1270,
              "state": "passed",
              "speed": "slow",
              "pass": true,
              "fail": false,
              "pending": false,
              "context": null,
              "code": "cy.ContainsText(this.data.textPaymentMeth);\ncy.PaymentMethod(this.data.cardName, this.data.cardIDMexicoMeses, this.data.month, this.data.year, this.data.cvc);",
              "err": {},
              "uuid": "84b07eb8-6c87-4c63-8486-778d1b7776ae",
              "parentUUID": "c62cc5a9-e926-4047-b87c-76c2a6a8fd4e",
              "isHook": false,
              "skipped": false
            },
            {
              "title": "TestToBackend",
              "fullTitle": "Loading Page Url1 TestToBackend",
              "timedOut": null,
              "duration": 10398,
              "state": "passed",
              "speed": "slow",
              "pass": true,
              "fail": false,
              "pending": false,
              "context": null,
              "code": "cy.ValitadeMSI(this.data.NineMonths);\ncy.ButtonClick(this.data.buttonPayment);\ncy.wait(10000);",
              "err": {},
              "uuid": "a3be6ee1-e19e-4827-96b5-f4bd263e132f",
              "parentUUID": "c62cc5a9-e926-4047-b87c-76c2a6a8fd4e",
              "isHook": false,
              "skipped": false
            },
            {
              "title": "ValidateSuccessfulPayment",
              "fullTitle": "Loading Page Url1 ValidateSuccessfulPayment",
              "timedOut": null,
              "duration": 40,
              "state": "passed",
              "speed": "medium",
              "pass": true,
              "fail": false,
              "pending": false,
              "context": null,
              "code": "cy.ValidateCodeConfirmation(this.data.textSuccefulPayment);",
              "err": {},
              "uuid": "6aeaedc7-049e-4634-858a-a688c318cc92",
              "parentUUID": "c62cc5a9-e926-4047-b87c-76c2a6a8fd4e",
              "isHook": false,
              "skipped": false
            }
          ],
          "suites": [],
          "passes": [
            "f3c267b0-4a40-4240-bca2-43836697ddf3",
            "f0abe24b-6779-4b97-ab04-38df8b132db8",
            "84b07eb8-6c87-4c63-8486-778d1b7776ae",
            "a3be6ee1-e19e-4827-96b5-f4bd263e132f",
            "6aeaedc7-049e-4634-858a-a688c318cc92"
          ],
          "failures": [],
          "pending": [],
          "skipped": [],
          "duration": 18264,
          "root": false,
          "rootEmpty": false,
          "_timeout": 2000
        }
      ],
      "passes": [],
      "failures": [],
      "pending": [],
      "skipped": [],
      "duration": 0,
      "root": true,
      "rootEmpty": true,
      "_timeout": 2000
    }
  ],
  "meta": {
    "mocha": {
      "version": "7.0.1"
    },
    "mochawesome": {
      "options": {
        "quiet": false,
        "reportFilename": "mochawesome",
        "saveHtml": false,
        "saveJson": true,
        "consoleReporter": "spec",
        "useInlineDiffs": false,
        "code": true
      },
      "version": "6.1.1"
    },
    "marge": {
      "options": {
        "id": "default",
        "reportDir": "cypress/reports/mocha",
        "quite": true,
        "overwrite": false,
        "html": false,
        "json": true
      },
      "version": "5.1.0"
    }
  }
}