{
  "stats": {
    "suites": 1,
    "tests": 5,
    "passes": 3,
    "pending": 0,
    "failures": 2,
    "start": "2020-12-09T23:41:58.591Z",
    "end": "2020-12-09T23:42:25.018Z",
    "duration": 26427,
    "testsRegistered": 5,
    "passPercent": 60,
    "pendingPercent": 0,
    "other": 0,
    "hasOther": false,
    "skipped": 0,
    "hasSkipped": false
  },
  "results": [
    {
      "uuid": "099547eb-6680-4667-ae44-24fa69bd7a14",
      "title": "",
      "fullFile": "cypress/integration/NineMonthsDiscount/NineMonths_Discount_NoCoupon_NoPayment_2.js",
      "file": "cypress/integration/NineMonthsDiscount/NineMonths_Discount_NoCoupon_NoPayment_2.js",
      "beforeHooks": [],
      "afterHooks": [],
      "tests": [],
      "suites": [
        {
          "uuid": "6396088c-a16a-4853-9e97-74e8c19c35d2",
          "title": "Discount One Payment",
          "fullFile": "",
          "file": "",
          "beforeHooks": [],
          "afterHooks": [],
          "tests": [
            {
              "title": "Purchase Summary",
              "fullTitle": "Discount One Payment Purchase Summary",
              "timedOut": null,
              "duration": 3401,
              "state": "passed",
              "speed": "slow",
              "pass": true,
              "fail": false,
              "pending": false,
              "context": null,
              "code": "cy.VisitPage(this.env.hostMex + this.env.PriceLower);\ncy.ContainsText(this.data.textWhatPayment);\ncy.ValidateExistCoupon(false);\ncy.ButtonClick(this.data.buttonContinue);",
              "err": {},
              "uuid": "3b21e75e-8cba-4777-83ed-33d68cc3d288",
              "parentUUID": "6396088c-a16a-4853-9e97-74e8c19c35d2",
              "isHook": false,
              "skipped": false
            },
            {
              "title": "Shopping Address",
              "fullTitle": "Discount One Payment Shopping Address",
              "timedOut": null,
              "duration": 4368,
              "state": "failed",
              "speed": null,
              "pass": false,
              "fail": true,
              "pending": false,
              "context": null,
              "code": "cy.ContainsText(this.data.textWhereSend);\ncy.ShippingAddress(this.data.street, this.data.interiorNumber, this.data.zipCode, this.data.colony, this.data.state, this.data.city, this.data.reference);\ncy.ButtonClick(this.data.buttonContinue);",
              "err": {
                "message": "AssertionError: Timed out retrying: Expected to find content: '¿Dónde enviaremos tus moons cuando esten listos?' but never did.",
                "estack": "AssertionError: Timed out retrying: Expected to find content: '¿Dónde enviaremos tus moons cuando esten listos?' but never did.\n    at Context.eval (https://checkout-dev-e42c8.web.app/__cypress/tests?p=cypress/support/index.js:477:6)",
                "diff": null
              },
              "uuid": "9cfe1a17-8498-415f-9e7d-b7b4b8591fc2",
              "parentUUID": "6396088c-a16a-4853-9e97-74e8c19c35d2",
              "isHook": false,
              "skipped": false
            },
            {
              "title": "Payment Method",
              "fullTitle": "Discount One Payment Payment Method",
              "timedOut": null,
              "duration": 1286,
              "state": "passed",
              "speed": "slow",
              "pass": true,
              "fail": false,
              "pending": false,
              "context": null,
              "code": "cy.ContainsText(this.data.textPaymentMeth);\ncy.PaymentMethod(this.data.cardName, this.data.cardIDMexicoMeses, this.data.month, this.data.year, this.data.cvc);",
              "err": {},
              "uuid": "4d3c146a-273f-4376-9be2-8ed11354d255",
              "parentUUID": "6396088c-a16a-4853-9e97-74e8c19c35d2",
              "isHook": false,
              "skipped": false
            },
            {
              "title": "TestToBackend",
              "fullTitle": "Discount One Payment TestToBackend",
              "timedOut": null,
              "duration": 10401,
              "state": "passed",
              "speed": "slow",
              "pass": true,
              "fail": false,
              "pending": false,
              "context": null,
              "code": "cy.ValitadeMSI(this.data.NineMonths);\ncy.ButtonClick(this.data.buttonPayment);\ncy.wait(10000);",
              "err": {},
              "uuid": "aacb0ed2-65f6-4199-89e7-1715e6d7874d",
              "parentUUID": "6396088c-a16a-4853-9e97-74e8c19c35d2",
              "isHook": false,
              "skipped": false
            },
            {
              "title": "ValidateSuccessfulPayment",
              "fullTitle": "Discount One Payment ValidateSuccessfulPayment",
              "timedOut": null,
              "duration": 4362,
              "state": "failed",
              "speed": null,
              "pass": false,
              "fail": true,
              "pending": false,
              "context": null,
              "code": "cy.contains(this.data.textSuccefulPayment);\ncy.get(\".SuccessCardTwo_TransactionId__1GN_E\").invoke('val').should(\"not.be.empty\");",
              "err": {
                "message": "AssertionError: Timed out retrying: expected '' not to be empty",
                "estack": "AssertionError: Timed out retrying: expected '' not to be empty\n    at Context.eval (https://checkout-dev-e42c8.web.app/__cypress/tests?p=cypress/integration/NineMonthsDiscount/NineMonths_Discount_NoCoupon_NoPayment_2.js:126:66)",
                "diff": null
              },
              "uuid": "733d3ed0-f0a8-445f-95e5-7e14b5cae9b1",
              "parentUUID": "6396088c-a16a-4853-9e97-74e8c19c35d2",
              "isHook": false,
              "skipped": false
            }
          ],
          "suites": [],
          "passes": [
            "3b21e75e-8cba-4777-83ed-33d68cc3d288",
            "4d3c146a-273f-4376-9be2-8ed11354d255",
            "aacb0ed2-65f6-4199-89e7-1715e6d7874d"
          ],
          "failures": [
            "9cfe1a17-8498-415f-9e7d-b7b4b8591fc2",
            "733d3ed0-f0a8-445f-95e5-7e14b5cae9b1"
          ],
          "pending": [],
          "skipped": [],
          "duration": 23818,
          "root": false,
          "rootEmpty": false,
          "_timeout": 2000
        }
      ],
      "passes": [],
      "failures": [],
      "pending": [],
      "skipped": [],
      "duration": 0,
      "root": true,
      "rootEmpty": true,
      "_timeout": 2000
    }
  ],
  "meta": {
    "mocha": {
      "version": "7.0.1"
    },
    "mochawesome": {
      "options": {
        "quiet": false,
        "reportFilename": "mochawesome",
        "saveHtml": false,
        "saveJson": true,
        "consoleReporter": "spec",
        "useInlineDiffs": false,
        "code": true
      },
      "version": "6.1.1"
    },
    "marge": {
      "options": {
        "id": "default",
        "reportDir": "cypress/reports/mocha",
        "quite": true,
        "overwrite": false,
        "html": false,
        "json": true
      },
      "version": "5.1.0"
    }
  }
}