{
  "stats": {
    "suites": 1,
    "tests": 5,
    "passes": 5,
    "pending": 0,
    "failures": 0,
    "start": "2020-12-16T23:01:33.606Z",
    "end": "2020-12-16T23:01:57.666Z",
    "duration": 24060,
    "testsRegistered": 5,
    "passPercent": 100,
    "pendingPercent": 0,
    "other": 0,
    "hasOther": false,
    "skipped": 0,
    "hasSkipped": false
  },
  "results": [
    {
      "uuid": "f0b1cc2f-993b-4d50-b4ca-4b6de135ef43",
      "title": "",
      "fullFile": "cypress/integration/ThreeMonthsDiscount/TreeMonths_Discount_NoCoupon_NoPayment_2.js",
      "file": "cypress/integration/ThreeMonthsDiscount/TreeMonths_Discount_NoCoupon_NoPayment_2.js",
      "beforeHooks": [],
      "afterHooks": [],
      "tests": [],
      "suites": [
        {
          "uuid": "4731de2c-26aa-4af2-be27-f72a42ee87f6",
          "title": "TreeMonths_Discount_NoCoupon_NoPayment_2",
          "fullFile": "",
          "file": "",
          "beforeHooks": [],
          "afterHooks": [],
          "tests": [
            {
              "title": "Purchase Summary",
              "fullTitle": "TreeMonths_Discount_NoCoupon_NoPayment_2 Purchase Summary",
              "timedOut": null,
              "duration": 4277,
              "state": "passed",
              "speed": "slow",
              "pass": true,
              "fail": false,
              "pending": false,
              "context": null,
              "code": "cy.VisitPage(this.env.hostMex + this.env.DiscountOnePayment);\ncy.ContainsText(this.data.textWhatPayment);\ncy.ValidateExistCoupon(false);\ncy.ButtonClick(this.data.buttonContinue);",
              "err": {},
              "uuid": "bbd93c7d-09f7-4ccd-81a5-78ad3e54cb18",
              "parentUUID": "4731de2c-26aa-4af2-be27-f72a42ee87f6",
              "isHook": false,
              "skipped": false
            },
            {
              "title": "Shopping Address",
              "fullTitle": "TreeMonths_Discount_NoCoupon_NoPayment_2 Shopping Address",
              "timedOut": null,
              "duration": 5124,
              "state": "passed",
              "speed": "slow",
              "pass": true,
              "fail": false,
              "pending": false,
              "context": null,
              "code": "cy.ContainsText(this.data.textWhereSend);\ncy.ClearShippingA();\ncy.ShippingAddress(this.data.street, this.data.interiorNumber, this.data.zipCode, this.data.colony, this.data.state, this.data.city, this.data.reference);\ncy.ButtonClick(this.data.buttonContinue);",
              "err": {},
              "uuid": "b437c676-c2da-4447-9812-32bc6949790d",
              "parentUUID": "4731de2c-26aa-4af2-be27-f72a42ee87f6",
              "isHook": false,
              "skipped": false
            },
            {
              "title": "Payment Method",
              "fullTitle": "TreeMonths_Discount_NoCoupon_NoPayment_2 Payment Method",
              "timedOut": null,
              "duration": 1674,
              "state": "passed",
              "speed": "slow",
              "pass": true,
              "fail": false,
              "pending": false,
              "context": null,
              "code": "cy.ContainsText(this.data.textPaymentMeth);\ncy.PaymentMethod(this.data.cardName, this.data.cardIDMexicoMeses, this.data.month, this.data.year, this.data.cvc);",
              "err": {},
              "uuid": "942b8e0e-ead2-4b67-9a8d-609ce704d075",
              "parentUUID": "4731de2c-26aa-4af2-be27-f72a42ee87f6",
              "isHook": false,
              "skipped": false
            },
            {
              "title": "TestToBackend",
              "fullTitle": "TreeMonths_Discount_NoCoupon_NoPayment_2 TestToBackend",
              "timedOut": null,
              "duration": 10453,
              "state": "passed",
              "speed": "slow",
              "pass": true,
              "fail": false,
              "pending": false,
              "context": null,
              "code": "cy.ValitadeMSI(this.data.ThreeMonths);\ncy.ButtonClick(this.data.buttonPayment);\ncy.wait(10000);",
              "err": {},
              "uuid": "52ff42bc-0a20-4bc5-be0e-27b7a7208a8b",
              "parentUUID": "4731de2c-26aa-4af2-be27-f72a42ee87f6",
              "isHook": false,
              "skipped": false
            },
            {
              "title": "ValidateSuccessfulPayment",
              "fullTitle": "TreeMonths_Discount_NoCoupon_NoPayment_2 ValidateSuccessfulPayment",
              "timedOut": null,
              "duration": 70,
              "state": "passed",
              "speed": "medium",
              "pass": true,
              "fail": false,
              "pending": false,
              "context": null,
              "code": "cy.ValidateCodeConfirmation(this.data.textSuccefulPayment);",
              "err": {},
              "uuid": "83332b26-779e-4aee-b812-b6b656713d90",
              "parentUUID": "4731de2c-26aa-4af2-be27-f72a42ee87f6",
              "isHook": false,
              "skipped": false
            }
          ],
          "suites": [],
          "passes": [
            "bbd93c7d-09f7-4ccd-81a5-78ad3e54cb18",
            "b437c676-c2da-4447-9812-32bc6949790d",
            "942b8e0e-ead2-4b67-9a8d-609ce704d075",
            "52ff42bc-0a20-4bc5-be0e-27b7a7208a8b",
            "83332b26-779e-4aee-b812-b6b656713d90"
          ],
          "failures": [],
          "pending": [],
          "skipped": [],
          "duration": 21598,
          "root": false,
          "rootEmpty": false,
          "_timeout": 2000
        }
      ],
      "passes": [],
      "failures": [],
      "pending": [],
      "skipped": [],
      "duration": 0,
      "root": true,
      "rootEmpty": true,
      "_timeout": 2000
    }
  ],
  "meta": {
    "mocha": {
      "version": "7.0.1"
    },
    "mochawesome": {
      "options": {
        "quiet": false,
        "reportFilename": "mochawesome",
        "saveHtml": false,
        "saveJson": true,
        "consoleReporter": "spec",
        "useInlineDiffs": false,
        "code": true
      },
      "version": "6.1.1"
    },
    "marge": {
      "options": {
        "id": "default",
        "reportDir": "cypress/reports/mocha",
        "quite": true,
        "overwrite": false,
        "html": false,
        "json": true
      },
      "version": "5.1.0"
    }
  }
}