{
  "stats": {
    "suites": 1,
    "tests": 5,
    "passes": 2,
    "pending": 0,
    "failures": 3,
    "start": "2020-12-10T01:13:46.743Z",
    "end": "2020-12-10T01:14:06.484Z",
    "duration": 19741,
    "testsRegistered": 5,
    "passPercent": 40,
    "pendingPercent": 0,
    "other": 0,
    "hasOther": false,
    "skipped": 0,
    "hasSkipped": false
  },
  "results": [
    {
      "uuid": "c39bb0fd-a531-4293-aa3b-8b449e91b729",
      "title": "",
      "fullFile": "cypress/integration/NineMonthsApply/NineMonths_Apply_NoCoupon_NoPayment_1.js",
      "file": "cypress/integration/NineMonthsApply/NineMonths_Apply_NoCoupon_NoPayment_1.js",
      "beforeHooks": [],
      "afterHooks": [],
      "tests": [],
      "suites": [
        {
          "uuid": "84849d73-6651-4b52-9ec6-1f4c364686f7",
          "title": "Discount One Payment",
          "fullFile": "",
          "file": "",
          "beforeHooks": [],
          "afterHooks": [],
          "tests": [
            {
              "title": "Purchase Summary",
              "fullTitle": "Discount One Payment Purchase Summary",
              "timedOut": null,
              "duration": 3124,
              "state": "passed",
              "speed": "slow",
              "pass": true,
              "fail": false,
              "pending": false,
              "context": null,
              "code": "cy.VisitPage(this.env.hostMex + this.env.url5);\ncy.ContainsText(this.data.textWhatPayment);\ncy.ValidateExistCoupon(false);\ncy.ButtonClick(this.data.buttonContinue);",
              "err": {},
              "uuid": "89c4580f-19d5-4fcd-9b2c-5cdb3501054f",
              "parentUUID": "84849d73-6651-4b52-9ec6-1f4c364686f7",
              "isHook": false,
              "skipped": false
            },
            {
              "title": "Shipping Address",
              "fullTitle": "Discount One Payment Shipping Address",
              "timedOut": null,
              "duration": 4393,
              "state": "failed",
              "speed": null,
              "pass": false,
              "fail": true,
              "pending": false,
              "context": null,
              "code": "cy.ContainsText(this.data.textWhereSend);\ncy.ClearShippingA();\ncy.ShippingAddress(this.data.street, this.data.interiorNumber, this.data.zipCode, this.data.colony, this.data.state, this.data.city, this.data.reference);\ncy.ButtonClick(this.data.buttonContinue);",
              "err": {
                "message": "AssertionError: Timed out retrying: Expected to find content: '¿Dónde enviaremos tus moons cuando esten listos?' but never did.",
                "estack": "AssertionError: Timed out retrying: Expected to find content: '¿Dónde enviaremos tus moons cuando esten listos?' but never did.\n    at Context.eval (https://checkout-dev-e42c8.web.app/__cypress/tests?p=cypress/support/index.js:477:6)",
                "diff": null
              },
              "uuid": "f6ba6b22-883d-4339-bfd0-df6ca85946a0",
              "parentUUID": "84849d73-6651-4b52-9ec6-1f4c364686f7",
              "isHook": false,
              "skipped": false
            },
            {
              "title": "Payment Method",
              "fullTitle": "Discount One Payment Payment Method",
              "timedOut": null,
              "duration": 1278,
              "state": "passed",
              "speed": "slow",
              "pass": true,
              "fail": false,
              "pending": false,
              "context": null,
              "code": "cy.ContainsText(this.data.textPaymentMeth);\ncy.PaymentMethod(this.data.cardName, this.data.cardIDMexicoMeses, this.data.month, this.data.year, this.data.cvc);",
              "err": {},
              "uuid": "834ae32e-60ce-448b-9ccc-634a82b80521",
              "parentUUID": "84849d73-6651-4b52-9ec6-1f4c364686f7",
              "isHook": false,
              "skipped": false
            },
            {
              "title": "TestToBackend",
              "fullTitle": "Discount One Payment TestToBackend",
              "timedOut": null,
              "duration": 4337,
              "state": "failed",
              "speed": null,
              "pass": false,
              "fail": true,
              "pending": false,
              "context": null,
              "code": "cy.ConvertNumber(this.data.NineMonths);\ncy.ButtonClick(this.data.buttonPayment);\ncy.wait(10000);",
              "err": {
                "message": "AssertionError: Timed out retrying: Expected to find element: `#installments-selector-two`, but never found it.",
                "estack": "AssertionError: Timed out retrying: Expected to find element: `#installments-selector-two`, but never found it.\n    at Context.eval (https://checkout-dev-e42c8.web.app/__cypress/tests?p=cypress/support/index.js:448:10)",
                "diff": null
              },
              "uuid": "678dd9b6-b3d7-40e7-af43-c2a37c3513e2",
              "parentUUID": "84849d73-6651-4b52-9ec6-1f4c364686f7",
              "isHook": false,
              "skipped": false
            },
            {
              "title": "ValidateSuccessfulPayment",
              "fullTitle": "Discount One Payment ValidateSuccessfulPayment",
              "timedOut": null,
              "duration": 4332,
              "state": "failed",
              "speed": null,
              "pass": false,
              "fail": true,
              "pending": false,
              "context": null,
              "code": "cy.ValidateCodeConfirmation(this.data.textSuccefulPayment);",
              "err": {
                "message": "AssertionError: Timed out retrying: Expected to find content: 'Código de confirmación' but never did.",
                "estack": "AssertionError: Timed out retrying: Expected to find content: 'Código de confirmación' but never did.\n    at Context.eval (https://checkout-dev-e42c8.web.app/__cypress/tests?p=cypress/support/index.js:510:6)",
                "diff": null
              },
              "uuid": "ea426973-c619-4291-a968-0a9e714b8c0a",
              "parentUUID": "84849d73-6651-4b52-9ec6-1f4c364686f7",
              "isHook": false,
              "skipped": false
            }
          ],
          "suites": [],
          "passes": [
            "89c4580f-19d5-4fcd-9b2c-5cdb3501054f",
            "834ae32e-60ce-448b-9ccc-634a82b80521"
          ],
          "failures": [
            "f6ba6b22-883d-4339-bfd0-df6ca85946a0",
            "678dd9b6-b3d7-40e7-af43-c2a37c3513e2",
            "ea426973-c619-4291-a968-0a9e714b8c0a"
          ],
          "pending": [],
          "skipped": [],
          "duration": 17464,
          "root": false,
          "rootEmpty": false,
          "_timeout": 2000
        }
      ],
      "passes": [],
      "failures": [],
      "pending": [],
      "skipped": [],
      "duration": 0,
      "root": true,
      "rootEmpty": true,
      "_timeout": 2000
    }
  ],
  "meta": {
    "mocha": {
      "version": "7.0.1"
    },
    "mochawesome": {
      "options": {
        "quiet": false,
        "reportFilename": "mochawesome",
        "saveHtml": false,
        "saveJson": true,
        "consoleReporter": "spec",
        "useInlineDiffs": false,
        "code": true
      },
      "version": "6.1.1"
    },
    "marge": {
      "options": {
        "id": "default",
        "reportDir": "cypress/reports/mocha",
        "quite": true,
        "overwrite": false,
        "html": false,
        "json": true
      },
      "version": "5.1.0"
    }
  }
}