{
  "stats": {
    "suites": 1,
    "tests": 5,
    "passes": 5,
    "pending": 0,
    "failures": 0,
    "start": "2020-12-16T23:08:20.176Z",
    "end": "2020-12-16T23:08:46.842Z",
    "duration": 26666,
    "testsRegistered": 5,
    "passPercent": 100,
    "pendingPercent": 0,
    "other": 0,
    "hasOther": false,
    "skipped": 0,
    "hasSkipped": false
  },
  "results": [
    {
      "uuid": "96ffe469-8fc2-400b-a322-0772665b674b",
      "title": "",
      "fullFile": "cypress/integration/TwelveMonthsDiscount/TwelveMonths_Discount_NoCoupon_Partial_4.js",
      "file": "cypress/integration/TwelveMonthsDiscount/TwelveMonths_Discount_NoCoupon_Partial_4.js",
      "beforeHooks": [],
      "afterHooks": [],
      "tests": [],
      "suites": [
        {
          "uuid": "9cef8af3-ecb8-421c-828c-f3ede9ebc760",
          "title": "TwelveMonths_Discount_NoCoupon_Partial_4",
          "fullFile": "",
          "file": "",
          "beforeHooks": [],
          "afterHooks": [],
          "tests": [
            {
              "title": "Purchase Summary",
              "fullTitle": "TwelveMonths_Discount_NoCoupon_Partial_4 Purchase Summary",
              "timedOut": null,
              "duration": 5441,
              "state": "passed",
              "speed": "slow",
              "pass": true,
              "fail": false,
              "pending": false,
              "context": null,
              "code": "cy.VisitPage(this.env.hostMex + this.env.PriceLowerProducto);\ncy.ContainsText(this.data.textWhatPayment);\ncy.ValidateExistCoupon(false);\ncy.ButtonClick(this.data.buttonContinue);",
              "err": {},
              "uuid": "4946d0f3-05e3-4110-a19e-a59b4f05b33f",
              "parentUUID": "9cef8af3-ecb8-421c-828c-f3ede9ebc760",
              "isHook": false,
              "skipped": false
            },
            {
              "title": "Shipping Address",
              "fullTitle": "TwelveMonths_Discount_NoCoupon_Partial_4 Shipping Address",
              "timedOut": null,
              "duration": 5019,
              "state": "passed",
              "speed": "slow",
              "pass": true,
              "fail": false,
              "pending": false,
              "context": null,
              "code": "cy.ContainsText(this.data.textWhereSend);\ncy.ShippingAddress(this.data.street, this.data.interiorNumber, this.data.zipCode, this.data.colony, this.data.state, this.data.city, this.data.reference);\ncy.ButtonClick(this.data.buttonContinue);",
              "err": {},
              "uuid": "c363d799-ea43-472a-8696-13085d07b2f3",
              "parentUUID": "9cef8af3-ecb8-421c-828c-f3ede9ebc760",
              "isHook": false,
              "skipped": false
            },
            {
              "title": "Payment Method",
              "fullTitle": "TwelveMonths_Discount_NoCoupon_Partial_4 Payment Method",
              "timedOut": null,
              "duration": 2290,
              "state": "passed",
              "speed": "slow",
              "pass": true,
              "fail": false,
              "pending": false,
              "context": null,
              "code": "cy.ContainsText(this.data.textPaymentMeth);\ncy.PaymentMethod(this.data.cardName, this.data.cardIDMexicoMeses, this.data.month, this.data.year, this.data.cvc);",
              "err": {},
              "uuid": "9011b8dc-1028-408f-a89c-5ea8f30326a8",
              "parentUUID": "9cef8af3-ecb8-421c-828c-f3ede9ebc760",
              "isHook": false,
              "skipped": false
            },
            {
              "title": "TestToBackend",
              "fullTitle": "TwelveMonths_Discount_NoCoupon_Partial_4 TestToBackend",
              "timedOut": null,
              "duration": 10533,
              "state": "passed",
              "speed": "slow",
              "pass": true,
              "fail": false,
              "pending": false,
              "context": null,
              "code": "cy.ValitadeMSI(this.data.TwelveMonths);\ncy.ButtonClick(this.data.buttonPayment);\ncy.wait(10000);",
              "err": {},
              "uuid": "9bf8281e-3c88-4792-a162-f152f1ede7ef",
              "parentUUID": "9cef8af3-ecb8-421c-828c-f3ede9ebc760",
              "isHook": false,
              "skipped": false
            },
            {
              "title": "ValidateSuccessfulPayment",
              "fullTitle": "TwelveMonths_Discount_NoCoupon_Partial_4 ValidateSuccessfulPayment",
              "timedOut": null,
              "duration": 146,
              "state": "passed",
              "speed": "slow",
              "pass": true,
              "fail": false,
              "pending": false,
              "context": null,
              "code": "cy.ValidateCodeConfirmation(this.data.textSuccefulPayment);",
              "err": {},
              "uuid": "90b9f622-99f0-4141-8c9c-7c2185626991",
              "parentUUID": "9cef8af3-ecb8-421c-828c-f3ede9ebc760",
              "isHook": false,
              "skipped": false
            }
          ],
          "suites": [],
          "passes": [
            "4946d0f3-05e3-4110-a19e-a59b4f05b33f",
            "c363d799-ea43-472a-8696-13085d07b2f3",
            "9011b8dc-1028-408f-a89c-5ea8f30326a8",
            "9bf8281e-3c88-4792-a162-f152f1ede7ef",
            "90b9f622-99f0-4141-8c9c-7c2185626991"
          ],
          "failures": [],
          "pending": [],
          "skipped": [],
          "duration": 23429,
          "root": false,
          "rootEmpty": false,
          "_timeout": 2000
        }
      ],
      "passes": [],
      "failures": [],
      "pending": [],
      "skipped": [],
      "duration": 0,
      "root": true,
      "rootEmpty": true,
      "_timeout": 2000
    }
  ],
  "meta": {
    "mocha": {
      "version": "7.0.1"
    },
    "mochawesome": {
      "options": {
        "quiet": false,
        "reportFilename": "mochawesome",
        "saveHtml": false,
        "saveJson": true,
        "consoleReporter": "spec",
        "useInlineDiffs": false,
        "code": true
      },
      "version": "6.1.1"
    },
    "marge": {
      "options": {
        "id": "default",
        "reportDir": "cypress/reports/mocha",
        "quite": true,
        "overwrite": false,
        "html": false,
        "json": true
      },
      "version": "5.1.0"
    }
  }
}